------------------------------------------------------------------
  Running MRIQC version 24.1.0.dev0+gd5b13cb5.d20240826
  ----------------------------------------------------------------

  NOTICE
  Copyright © The NiPreps Developers.
  
  This product includes software developed by
  the NiPreps Community (https://nipreps.org/).
  
  Portions of this software were developed at the Department of
  Psychology at Stanford University, Stanford, CA, US.
  
  This software contains code ultimately derived from the
  PCP Quality Assessment Protocol (QAP;
  http://preprocessed-connectomes-project.org/quality-assessment-protocol)
  by C. Craddock, S. Giavasis, D. Clark, Z. Shezhad, and J. Pellman.
  
  This software is also distributed as a Docker container image.
  The bootstrapping file for the image ("Dockerfile") is licensed
  under the MIT License.

  ----------------------------------------------------------------

  * BIDS dataset path: /local/nvme/ds005699_037.783803/ds/sourcedata/raw.
  * Output folder: mriqc.
  * Analysis levels: ['participant'].
------------------------------------------------------------------

2026-03-26 22:39:58 |[33;20m IMPORTANT [0m|[33;20m mriqc            [0m|[33;20m Extracting metadata and entities for 1 input runs of modality 'bold'...[0m
2026-03-26 22:39:58 |[33;20m IMPORTANT [0m|[33;20m mriqc            [0m|[33;20m File size ('bold'): 0.08|0.08 GB [maximum|average].[0m
2026-03-26 22:39:58 |[34;20m INFO     [0m|[34;20m mriqc            [0m|[34;20m MRIQC config file: /local/nvme/ds005699_037.783803/ds/tmp/config-20260326-223956_a41b88b9-2a46-4722-a499-eb435cfdefd0.toml.[0m
2026-03-26 22:40:03 |[34;20m INFO     [0m|[34;20m matplotlib.font_manager [0m|[34;20m generated new fontManager[0m
2026-03-26 22:40:04 |[33;20m IMPORTANT [0m|[33;20m mriqc            [0m|[33;20m Building MRIQC's workflows...[0m
2026-03-26 22:40:05 |[34;20m INFO     [0m|[34;20m nipype.workflow  [0m|[34;20m Building functional MRIQC workflow for 1 BOLD runs..[0m
2026-03-26 22:40:10 |[33;20m IMPORTANT [0m|[33;20m mriqc            [0m|[33;20m Workflow building finished (exit code 0).[0m
2026-03-26 22:40:14 |[34;20m INFO     [0m|[34;20m nipype.workflow  [0m|[34;20m Workflow mriqc_wf settings: ['check', 'execution', 'logging', 'monitoring'][0m
2026-03-26 22:40:14 |[34;20m INFO     [0m|[34;20m nipype.workflow  [0m|[34;20m [Node] Setting-up "mriqc_wf.funcMRIQC.pick_echo" in "/local/nvme/ds005699_037.783803/ds/tmp/mriqc_wf/funcMRIQC/46bb3a83ea79e29ce2bf78bd157c6d4902f9b488/pick_echo".[0m
2026-03-26 22:40:14 |[34;20m INFO     [0m|[34;20m nipype.workflow  [0m|[34;20m [Node] Setting-up "_provenance0" in "/local/nvme/ds005699_037.783803/ds/tmp/mriqc_wf/funcMRIQC/ComputeIQMs/46bb3a83ea79e29ce2bf78bd157c6d4902f9b488/provenance/mapflow/_provenance0".[0m
2026-03-26 22:40:14 |[34;20m INFO     [0m|[34;20m nipype.workflow  [0m|[34;20m [Node] Executing "pick_echo" <mriqc.interfaces.functional.SelectEcho>[0m
2026-03-26 22:40:14 |[34;20m INFO     [0m|[34;20m nipype.workflow  [0m|[34;20m [Node] Executing "_provenance0" <mriqc.interfaces.reports.AddProvenance>[0m
2026-03-26 22:40:14 |[34;20m INFO     [0m|[34;20m nipype.workflow  [0m|[34;20m [Node] Finished "pick_echo", elapsed time 0.000519s.[0m
2026-03-26 22:40:15 |[34;20m INFO     [0m|[34;20m nipype.workflow  [0m|[34;20m [Node] Finished "_provenance0", elapsed time 0.158765s.[0m
2026-03-26 22:40:16 |[34;20m INFO     [0m|[34;20m nipype.workflow  [0m|[34;20m [Node] Setting-up "mriqc_wf.funcMRIQC.non_steady_state_detector" in "/local/nvme/ds005699_037.783803/ds/tmp/mriqc_wf/funcMRIQC/46bb3a83ea79e29ce2bf78bd157c6d4902f9b488/non_steady_state_detector".[0m
2026-03-26 22:40:16 |[34;20m INFO     [0m|[34;20m nipype.workflow  [0m|[34;20m [Node] Executing "non_steady_state_detector" <nipype.algorithms.confounds.NonSteadyStateDetector>[0m
2026-03-26 22:40:17 |[34;20m INFO     [0m|[34;20m nipype.workflow  [0m|[34;20m [Node] Finished "non_steady_state_detector", elapsed time 0.630162s.[0m
2026-03-26 22:40:18 |[34;20m INFO     [0m|[34;20m nipype.workflow  [0m|[34;20m [Node] Setting-up "_sanitize0" in "/local/nvme/ds005699_037.783803/ds/tmp/mriqc_wf/funcMRIQC/46bb3a83ea79e29ce2bf78bd157c6d4902f9b488/sanitize/mapflow/_sanitize0".[0m
2026-03-26 22:40:18 |[34;20m INFO     [0m|[34;20m nipype.workflow  [0m|[34;20m [Node] Executing "_sanitize0" <niworkflows.interfaces.header.SanitizeImage>[0m
2026-03-26 22:40:22 |[34;20m INFO     [0m|[34;20m nipype.workflow  [0m|[34;20m [Node] Finished "_sanitize0", elapsed time 3.5221780000000003s.[0m
2026-03-26 22:40:22 |[34;20m INFO     [0m|[34;20m nipype.workflow  [0m|[34;20m [Node] Setting-up "mriqc_wf.funcMRIQC.fMRI_HMC.estimate_hm" in "/local/nvme/ds005699_037.783803/ds/tmp/mriqc_wf/funcMRIQC/fMRI_HMC/46bb3a83ea79e29ce2bf78bd157c6d4902f9b488/estimate_hm".[0m
2026-03-26 22:40:22 |[34;20m INFO     [0m|[34;20m nipype.workflow  [0m|[34;20m [Node] Executing "estimate_hm" <nipype.interfaces.afni.preprocess.Volreg>[0m
2026-03-26 22:40:22 |[34;20m INFO     [0m|[34;20m nipype.workflow  [0m|[34;20m [Node] Setting-up "_SpikesMask0" in "/local/nvme/ds005699_037.783803/ds/tmp/mriqc_wf/funcMRIQC/func_report_wf/46bb3a83ea79e29ce2bf78bd157c6d4902f9b488/SpikesMask/mapflow/_SpikesMask0".[0m
2026-03-26 22:40:22 |[34;20m INFO     [0m|[34;20m nipype.workflow  [0m|[34;20m [Node] Executing "_SpikesMask0" <nipype.interfaces.utility.wrappers.Function>[0m
2026-03-26 22:40:25 |[34;20m INFO     [0m|[34;20m nipype.workflow  [0m|[34;20m [Node] Finished "_SpikesMask0", elapsed time 2.3327s.[0m
2026-03-26 22:40:26 |[34;20m INFO     [0m|[34;20m nipype.workflow  [0m|[34;20m [Node] Setting-up "_SpikesFinderBgMask0" in "/local/nvme/ds005699_037.783803/ds/tmp/mriqc_wf/funcMRIQC/func_report_wf/46bb3a83ea79e29ce2bf78bd157c6d4902f9b488/SpikesFinderBgMask/mapflow/_SpikesFinderBgMask0".[0m
2026-03-26 22:40:26 |[34;20m INFO     [0m|[34;20m nipype.workflow  [0m|[34;20m [Node] Executing "_SpikesFinderBgMask0" <mriqc.interfaces.functional.Spikes>[0m
2026-03-26 22:40:28 |[34;20m INFO     [0m|[34;20m nipype.workflow  [0m|[34;20m [Node] Finished "_SpikesFinderBgMask0", elapsed time 1.7043970000000002s.[0m
2026-03-26 22:45:06 |[34;20m INFO     [0m|[34;20m nipype.workflow  [0m|[34;20m [Node] Finished "estimate_hm", elapsed time 283.840415s.[0m
2026-03-26 22:45:06 |[34;20m INFO     [0m|[34;20m nipype.workflow  [0m|[34;20m [Node] Setting-up "_apply_hmc0" in "/local/nvme/ds005699_037.783803/ds/tmp/mriqc_wf/funcMRIQC/fMRI_HMC/46bb3a83ea79e29ce2bf78bd157c6d4902f9b488/apply_hmc/mapflow/_apply_hmc0".[0m
2026-03-26 22:45:06 |[34;20m INFO     [0m|[34;20m nipype.workflow  [0m|[34;20m [Node] Executing "_apply_hmc0" <nipype.interfaces.utility.wrappers.Function>[0m
2026-03-26 22:45:18 |[34;20m INFO     [0m|[34;20m nipype.workflow  [0m|[34;20m [Node] Finished "_apply_hmc0", elapsed time 11.683107s.[0m
2026-03-26 22:45:18 |[34;20m INFO     [0m|[34;20m nipype.workflow  [0m|[34;20m [Node] Setting-up "mriqc_wf.funcMRIQC.fMRI_HMC.ComputeFD" in "/local/nvme/ds005699_037.783803/ds/tmp/mriqc_wf/funcMRIQC/fMRI_HMC/46bb3a83ea79e29ce2bf78bd157c6d4902f9b488/ComputeFD".[0m
2026-03-26 22:45:18 |[34;20m INFO     [0m|[34;20m nipype.workflow  [0m|[34;20m [Node] Executing "ComputeFD" <nipype.algorithms.confounds.FramewiseDisplacement>[0m
2026-03-26 22:45:18 |[34;20m INFO     [0m|[34;20m nipype.workflow  [0m|[34;20m [Node] Setting-up "_mean0" in "/local/nvme/ds005699_037.783803/ds/tmp/mriqc_wf/funcMRIQC/46bb3a83ea79e29ce2bf78bd157c6d4902f9b488/mean/mapflow/_mean0".[0m
2026-03-26 22:45:18 |[34;20m INFO     [0m|[34;20m nipype.workflow  [0m|[34;20m [Node] Setting-up "_compute_tsnr0" in "/local/nvme/ds005699_037.783803/ds/tmp/mriqc_wf/funcMRIQC/46bb3a83ea79e29ce2bf78bd157c6d4902f9b488/compute_tsnr/mapflow/_compute_tsnr0".[0m
2026-03-26 22:45:18 |[34;20m INFO     [0m|[34;20m nipype.workflow  [0m|[34;20m [Node] Executing "_mean0" <nipype.interfaces.afni.utils.TStat>[0m
2026-03-26 22:45:18 |[34;20m INFO     [0m|[34;20m nipype.workflow  [0m|[34;20m [Node] Executing "_compute_tsnr0" <nipype.algorithms.confounds.TSNR>[0m
2026-03-26 22:45:18 |[34;20m INFO     [0m|[34;20m nipype.workflow  [0m|[34;20m [Node] Setting-up "_quality0" in "/local/nvme/ds005699_037.783803/ds/tmp/mriqc_wf/funcMRIQC/ComputeIQMs/46bb3a83ea79e29ce2bf78bd157c6d4902f9b488/quality/mapflow/_quality0".[0m
2026-03-26 22:45:18 |[34;20m INFO     [0m|[34;20m nipype.workflow  [0m|[34;20m [Node] Executing "_quality0" <nipype.interfaces.afni.preprocess.QualityIndex>[0m
2026-03-26 22:45:18 |[34;20m INFO     [0m|[34;20m nipype.workflow  [0m|[34;20m [Node] Finished "ComputeFD", elapsed time 0.003282s.[0m
2026-03-26 22:45:20 |[34;20m INFO     [0m|[34;20m nipype.workflow  [0m|[34;20m [Node] Finished "_compute_tsnr0", elapsed time 1.332112s.[0m
2026-03-26 22:45:20 |[34;20m INFO     [0m|[34;20m nipype.workflow  [0m|[34;20m [Node] Finished "_mean0", elapsed time 1.914366s.[0m
2026-03-26 22:45:20 |[34;20m INFO     [0m|[34;20m nipype.workflow  [0m|[34;20m [Node] Setting-up "_PlotMosaicSD0" in "/local/nvme/ds005699_037.783803/ds/tmp/mriqc_wf/funcMRIQC/func_report_wf/46bb3a83ea79e29ce2bf78bd157c6d4902f9b488/PlotMosaicSD/mapflow/_PlotMosaicSD0".[0m
2026-03-26 22:45:20 |[34;20m INFO     [0m|[34;20m nipype.workflow  [0m|[34;20m [Node] Executing "_PlotMosaicSD0" <nireports.interfaces.mosaic.PlotMosaic>[0m
2026-03-26 22:45:22 |[34;20m INFO     [0m|[34;20m nipype.workflow  [0m|[34;20m [Node] Finished "_PlotMosaicSD0", elapsed time 1.280783s.[0m
2026-03-26 22:45:22 |[34;20m INFO     [0m|[34;20m nipype.workflow  [0m|[34;20m [Node] Finished "_quality0", elapsed time 3.647318s.[0m
2026-03-26 22:45:22 |[34;20m INFO     [0m|[34;20m nipype.workflow  [0m|[34;20m [Node] Setting-up "mriqc_wf.funcMRIQC.synthstrip_wf.pre_clip" in "/local/nvme/ds005699_037.783803/ds/tmp/mriqc_wf/funcMRIQC/synthstrip_wf/46bb3a83ea79e29ce2bf78bd157c6d4902f9b488/pre_clip".[0m
2026-03-26 22:45:22 |[34;20m INFO     [0m|[34;20m nipype.workflow  [0m|[34;20m [Node] Setting-up "mriqc_wf.funcMRIQC.SpatialNormalization.SharpenEPI" in "/local/nvme/ds005699_037.783803/ds/tmp/mriqc_wf/funcMRIQC/SpatialNormalization/46bb3a83ea79e29ce2bf78bd157c6d4902f9b488/SharpenEPI".[0m
2026-03-26 22:45:22 |[34;20m INFO     [0m|[34;20m nipype.workflow  [0m|[34;20m [Node] Executing "SharpenEPI" <nipype.interfaces.ants.segmentation.N4BiasFieldCorrection>[0m
2026-03-26 22:45:22 |[34;20m INFO     [0m|[34;20m nipype.workflow  [0m|[34;20m [Node] Executing "pre_clip" <niworkflows.interfaces.nibabel.IntensityClip>[0m
2026-03-26 22:45:22 |[34;20m INFO     [0m|[34;20m nipype.workflow  [0m|[34;20m [Node] Setting-up "_PlotMosaicMean0" in "/local/nvme/ds005699_037.783803/ds/tmp/mriqc_wf/funcMRIQC/func_report_wf/46bb3a83ea79e29ce2bf78bd157c6d4902f9b488/PlotMosaicMean/mapflow/_PlotMosaicMean0".[0m
2026-03-26 22:45:22 |[34;20m INFO     [0m|[34;20m nipype.workflow  [0m|[34;20m [Node] Executing "_PlotMosaicMean0" <nireports.interfaces.mosaic.PlotMosaic>[0m
2026-03-26 22:45:22 |[34;20m INFO     [0m|[34;20m nipype.workflow  [0m|[34;20m [Node] Setting-up "_PlotMosaicNoise0" in "/local/nvme/ds005699_037.783803/ds/tmp/mriqc_wf/funcMRIQC/func_report_wf/46bb3a83ea79e29ce2bf78bd157c6d4902f9b488/PlotMosaicNoise/mapflow/_PlotMosaicNoise0".[0m
2026-03-26 22:45:22 |[34;20m INFO     [0m|[34;20m nipype.workflow  [0m|[34;20m [Node] Executing "_PlotMosaicNoise0" <nireports.interfaces.mosaic.PlotMosaic>[0m
2026-03-26 22:45:22 |[34;20m INFO     [0m|[34;20m nipype.workflow  [0m|[34;20m [Node] Setting-up "_ds_report_stdev0" in "/local/nvme/ds005699_037.783803/ds/tmp/mriqc_wf/funcMRIQC/func_report_wf/46bb3a83ea79e29ce2bf78bd157c6d4902f9b488/ds_report_stdev/mapflow/_ds_report_stdev0".[0m
2026-03-26 22:45:22 |[34;20m INFO     [0m|[34;20m nipype.workflow  [0m|[34;20m [Node] Executing "_ds_report_stdev0" <mriqc.interfaces.DerivativesDataSink>[0m
2026-03-26 22:45:22 |[34;20m INFO     [0m|[34;20m nipype.workflow  [0m|[34;20m [Node] Finished "_ds_report_stdev0", elapsed time 0.007756s.[0m
2026-03-26 22:45:24 |[34;20m INFO     [0m|[34;20m nipype.workflow  [0m|[34;20m [Node] Finished "pre_clip", elapsed time 1.058652s.[0m
2026-03-26 22:45:24 |[34;20m INFO     [0m|[34;20m nipype.workflow  [0m|[34;20m [Node] Finished "_PlotMosaicMean0", elapsed time 1.3326609999999999s.[0m
2026-03-26 22:45:24 |[34;20m INFO     [0m|[34;20m nipype.workflow  [0m|[34;20m [Node] Finished "_PlotMosaicNoise0", elapsed time 1.342404s.[0m
2026-03-26 22:45:24 |[34;20m INFO     [0m|[34;20m nipype.workflow  [0m|[34;20m [Node] Setting-up "_ds_report_mean0" in "/local/nvme/ds005699_037.783803/ds/tmp/mriqc_wf/funcMRIQC/func_report_wf/46bb3a83ea79e29ce2bf78bd157c6d4902f9b488/ds_report_mean/mapflow/_ds_report_mean0".[0m
2026-03-26 22:45:24 |[34;20m INFO     [0m|[34;20m nipype.workflow  [0m|[34;20m [Node] Executing "_ds_report_mean0" <mriqc.interfaces.DerivativesDataSink>[0m
2026-03-26 22:45:24 |[34;20m INFO     [0m|[34;20m nipype.workflow  [0m|[34;20m [Node] Finished "_ds_report_mean0", elapsed time 0.004703s.[0m
2026-03-26 22:45:25 |[34;20m INFO     [0m|[34;20m nipype.workflow  [0m|[34;20m [Node] Setting-up "_ds_report_background0" in "/local/nvme/ds005699_037.783803/ds/tmp/mriqc_wf/funcMRIQC/func_report_wf/46bb3a83ea79e29ce2bf78bd157c6d4902f9b488/ds_report_background/mapflow/_ds_report_background0".[0m
2026-03-26 22:45:25 |[34;20m INFO     [0m|[34;20m nipype.workflow  [0m|[34;20m [Node] Executing "_ds_report_background0" <mriqc.interfaces.DerivativesDataSink>[0m
2026-03-26 22:45:25 |[34;20m INFO     [0m|[34;20m nipype.workflow  [0m|[34;20m [Node] Finished "_ds_report_background0", elapsed time 0.004703s.[0m
2026-03-26 22:45:30 |[34;20m INFO     [0m|[34;20m nipype.workflow  [0m|[34;20m [Node] Finished "SharpenEPI", elapsed time 6.895346s.[0m
2026-03-26 22:45:30 |[34;20m INFO     [0m|[34;20m nipype.workflow  [0m|[34;20m [Node] Setting-up "mriqc_wf.funcMRIQC.synthstrip_wf.pre_n4" in "/local/nvme/ds005699_037.783803/ds/tmp/mriqc_wf/funcMRIQC/synthstrip_wf/46bb3a83ea79e29ce2bf78bd157c6d4902f9b488/pre_n4".[0m
2026-03-26 22:45:30 |[34;20m INFO     [0m|[34;20m nipype.workflow  [0m|[34;20m [Node] Executing "pre_n4" <nipype.interfaces.ants.segmentation.N4BiasFieldCorrection>[0m
2026-03-26 22:45:32 |[34;20m INFO     [0m|[34;20m nipype.workflow  [0m|[34;20m [Node] Finished "pre_n4", elapsed time 1.494219s.[0m
2026-03-26 22:45:32 |[34;20m INFO     [0m|[34;20m nipype.workflow  [0m|[34;20m [Node] Setting-up "mriqc_wf.funcMRIQC.synthstrip_wf.synthstrip" in "/local/nvme/ds005699_037.783803/ds/tmp/mriqc_wf/funcMRIQC/synthstrip_wf/46bb3a83ea79e29ce2bf78bd157c6d4902f9b488/synthstrip".[0m
2026-03-26 22:45:32 |[34;20m INFO     [0m|[34;20m nipype.workflow  [0m|[34;20m [Node] Executing "synthstrip" <mriqc.interfaces.synthstrip.SynthStrip>[0m
2026-03-26 22:45:50 |[34;20m INFO     [0m|[34;20m nipype.workflow  [0m|[34;20m [Node] Finished "synthstrip", elapsed time 17.119477s.[0m
2026-03-26 22:45:50 |[34;20m INFO     [0m|[34;20m nipype.workflow  [0m|[34;20m [Node] Setting-up "mriqc_wf.funcMRIQC.synthstrip_wf.post_n4" in "/local/nvme/ds005699_037.783803/ds/tmp/mriqc_wf/funcMRIQC/synthstrip_wf/46bb3a83ea79e29ce2bf78bd157c6d4902f9b488/post_n4".[0m
2026-03-26 22:45:50 |[34;20m INFO     [0m|[34;20m nipype.workflow  [0m|[34;20m [Node] Executing "post_n4" <nipype.interfaces.ants.segmentation.N4BiasFieldCorrection>[0m
2026-03-26 22:45:52 |[34;20m INFO     [0m|[34;20m nipype.workflow  [0m|[34;20m [Node] Finished "post_n4", elapsed time 1.041338s.[0m
2026-03-26 22:45:52 |[34;20m INFO     [0m|[34;20m nipype.workflow  [0m|[34;20m [Node] Setting-up "mriqc_wf.funcMRIQC.SpatialNormalization.EPI2MNI" in "/local/nvme/ds005699_037.783803/ds/tmp/mriqc_wf/funcMRIQC/SpatialNormalization/46bb3a83ea79e29ce2bf78bd157c6d4902f9b488/EPI2MNI".[0m
2026-03-26 22:45:52 |[34;20m INFO     [0m|[34;20m nipype.workflow  [0m|[34;20m [Node] Executing "EPI2MNI" <niworkflows.interfaces.reportlets.registration.SpatialNormalizationRPT>[0m
2026-03-26 22:45:52 |[34;20m INFO     [0m|[34;20m niworkflows      [0m|[34;20m Estimating initial transform using AffineInitializer[0m
2026-03-26 22:45:58 |[34;20m INFO     [0m|[34;20m niworkflows      [0m|[34;20m Loading settings from file /opt/conda/lib/python3.11/site-packages/niworkflows/data/boldref-mni_registration_precise_000.json.[0m
2026-03-26 22:45:58 |[34;20m INFO     [0m|[34;20m niworkflows      [0m|[34;20m Retry #1, commandline: 
antsRegistration --collapse-output-transforms 1 --dimensionality 3 --float 0 --initial-moving-transform [ /local/nvme/ds005699_037.783803/ds/tmp/mriqc_wf/funcMRIQC/SpatialNormalization/46bb3a83ea79e29ce2bf78bd157c6d4902f9b488/EPI2MNI/transform.mat, 0 ] --initialize-transforms-per-stage 0 --interpolation LanczosWindowedSinc --output [ epi_to_mni, epi_to_mni_Warped.nii.gz ] --transform Rigid[ 0.05 ] --metric Mattes[ /templateflow/tpl-MNI152NLin2009cAsym/tpl-MNI152NLin2009cAsym_res-02_desc-fMRIPrep_boldref.nii.gz, /local/nvme/ds005699_037.783803/ds/tmp/mriqc_wf/funcMRIQC/SpatialNormalization/46bb3a83ea79e29ce2bf78bd157c6d4902f9b488/SharpenEPI/sub-037_task-restingstate_bold_desc-realigned_valid_tstat_corrected.nii.gz, 1, 56, Regular, 0.25 ] --convergence [ 10000x1000x100, 1e-06, 20 ] --smoothing-sigmas 4.0x2.0x1.0vox --shrink-factors 4x2x1 --use-histogram-matching 1 --masks [ /templateflow/tpl-MNI152NLin2009cAsym/tpl-MNI152NLin2009cAsym_res-02_desc-brain_mask.nii.gz, /local/nvme/ds005699_037.783803/ds/tmp/mriqc_wf/funcMRIQC/synthstrip_wf/46bb3a83ea79e29ce2bf78bd157c6d4902f9b488/synthstrip/clipped_corrected_desc-brain_mask.nii.gz ] --transform Affine[ 0.08 ] --metric Mattes[ /templateflow/tpl-MNI152NLin2009cAsym/tpl-MNI152NLin2009cAsym_res-02_desc-fMRIPrep_boldref.nii.gz, /local/nvme/ds005699_037.783803/ds/tmp/mriqc_wf/funcMRIQC/SpatialNormalization/46bb3a83ea79e29ce2bf78bd157c6d4902f9b488/SharpenEPI/sub-037_task-restingstate_bold_desc-realigned_valid_tstat_corrected.nii.gz, 1, 56, Regular, 0.25 ] --convergence [ 500x250x100, 1e-06, 20 ] --smoothing-sigmas 4.0x2.0x1.0vox --shrink-factors 8x4x2 --use-histogram-matching 1 --masks [ /templateflow/tpl-MNI152NLin2009cAsym/tpl-MNI152NLin2009cAsym_res-02_desc-brain_mask.nii.gz, /local/nvme/ds005699_037.783803/ds/tmp/mriqc_wf/funcMRIQC/synthstrip_wf/46bb3a83ea79e29ce2bf78bd157c6d4902f9b488/synthstrip/clipped_corrected_desc-brain_mask.nii.gz ] --transform SyN[ 0.1, 3.0, 0.0 ] --metric CC[ /templateflow/tpl-MNI152NLin2009cAsym/tpl-MNI152NLin2009cAsym_res-02_desc-fMRIPrep_boldref.nii.gz, /local/nvme/ds005699_037.783803/ds/tmp/mriqc_wf/funcMRIQC/SpatialNormalization/46bb3a83ea79e29ce2bf78bd157c6d4902f9b488/SharpenEPI/sub-037_task-restingstate_bold_desc-realigned_valid_tstat_corrected.nii.gz, 1, 4, None, 1 ] --convergence [ 100x30x20, 1e-06, 10 ] --smoothing-sigmas 3.0x2.0x1.0vox --shrink-factors 8x4x2 --use-histogram-matching 1 --masks [ /templateflow/tpl-MNI152NLin2009cAsym/tpl-MNI152NLin2009cAsym_res-02_desc-brain_mask.nii.gz, /local/nvme/ds005699_037.783803/ds/tmp/mriqc_wf/funcMRIQC/synthstrip_wf/46bb3a83ea79e29ce2bf78bd157c6d4902f9b488/synthstrip/clipped_corrected_desc-brain_mask.nii.gz ] --winsorize-image-intensities [ 0.005, 0.995 ]  --write-composite-transform 1[0m
2026-03-26 22:46:08 |[34;20m INFO     [0m|[34;20m niworkflows      [0m|[34;20m Successful spatial normalization (retry #1).[0m
2026-03-26 22:46:08 |[34;20m INFO     [0m|[34;20m niworkflows      [0m|[34;20m Report - setting fixed (/templateflow/tpl-MNI152NLin2009cAsym/tpl-MNI152NLin2009cAsym_res-02_desc-fMRIPrep_boldref.nii.gz) and moving (/local/nvme/ds005699_037.783803/ds/tmp/mriqc_wf/funcMRIQC/SpatialNormalization/46bb3a83ea79e29ce2bf78bd157c6d4902f9b488/EPI2MNI/epi_to_mni_Warped.nii.gz) images[0m
2026-03-26 22:46:08 |[34;20m INFO     [0m|[34;20m niworkflows      [0m|[34;20m Generating visual report[0m
2026-03-26 22:46:23 |[34;20m INFO     [0m|[34;20m nipype.workflow  [0m|[34;20m [Node] Finished "EPI2MNI", elapsed time 30.961569s.[0m
2026-03-26 22:46:24 |[34;20m INFO     [0m|[34;20m nipype.workflow  [0m|[34;20m [Node] Setting-up "mriqc_wf.funcMRIQC.func_report_wf.dilated_mask" in "/local/nvme/ds005699_037.783803/ds/tmp/mriqc_wf/funcMRIQC/func_report_wf/46bb3a83ea79e29ce2bf78bd157c6d4902f9b488/dilated_mask".[0m
2026-03-26 22:46:24 |[34;20m INFO     [0m|[34;20m nipype.workflow  [0m|[34;20m [Node] Setting-up "_smoothness0" in "/local/nvme/ds005699_037.783803/ds/tmp/mriqc_wf/funcMRIQC/ComputeIQMs/46bb3a83ea79e29ce2bf78bd157c6d4902f9b488/smoothness/mapflow/_smoothness0".[0m
2026-03-26 22:46:24 |[34;20m INFO     [0m|[34;20m nipype.workflow  [0m|[34;20m [Node] Setting-up "_ComputeDVARS0" in "/local/nvme/ds005699_037.783803/ds/tmp/mriqc_wf/funcMRIQC/ComputeIQMs/46bb3a83ea79e29ce2bf78bd157c6d4902f9b488/ComputeDVARS/mapflow/_ComputeDVARS0".[0m
2026-03-26 22:46:24 |[34;20m INFO     [0m|[34;20m nipype.workflow  [0m|[34;20m [Node] Setting-up "mriqc_wf.funcMRIQC.func_report_wf.PlotBrainmask" in "/local/nvme/ds005699_037.783803/ds/tmp/mriqc_wf/funcMRIQC/func_report_wf/46bb3a83ea79e29ce2bf78bd157c6d4902f9b488/PlotBrainmask".[0m
2026-03-26 22:46:24 |[34;20m INFO     [0m|[34;20m nipype.workflow  [0m|[34;20m [Node] Setting-up "mriqc_wf.funcMRIQC.synthstrip_wf.final_masked" in "/local/nvme/ds005699_037.783803/ds/tmp/mriqc_wf/funcMRIQC/synthstrip_wf/46bb3a83ea79e29ce2bf78bd157c6d4902f9b488/final_masked".[0m
2026-03-26 22:46:24 |[34;20m INFO     [0m|[34;20m nipype.workflow  [0m|[34;20m [Node] Executing "_smoothness0" <nipype.interfaces.afni.utils.FWHMx>[0m
2026-03-26 22:46:24 |[34;20m INFO     [0m|[34;20m nipype.workflow  [0m|[34;20m [Node] Executing "dilated_mask" <niworkflows.interfaces.morphology.BinaryDilation>[0m
2026-03-26 22:46:24 |[34;20m INFO     [0m|[34;20m nipype.workflow  [0m|[34;20m [Node] Setting-up "_outliers0" in "/local/nvme/ds005699_037.783803/ds/tmp/mriqc_wf/funcMRIQC/ComputeIQMs/46bb3a83ea79e29ce2bf78bd157c6d4902f9b488/outliers/mapflow/_outliers0".[0m
2026-03-26 22:46:24 |[34;20m INFO     [0m|[34;20m nipype.workflow  [0m|[34;20m [Node] Setting-up "_gcor0" in "/local/nvme/ds005699_037.783803/ds/tmp/mriqc_wf/funcMRIQC/ComputeIQMs/46bb3a83ea79e29ce2bf78bd157c6d4902f9b488/gcor/mapflow/_gcor0".[0m
2026-03-26 22:46:24 |[34;20m INFO     [0m|[34;20m nipype.workflow  [0m|[34;20m [Node] Executing "_ComputeDVARS0" <nipype.algorithms.confounds.ComputeDVARS>[0m
2026-03-26 22:46:24 |[34;20m INFO     [0m|[34;20m nipype.workflow  [0m|[34;20m [Node] Setting-up "_PlotMosaicZoomed0" in "/local/nvme/ds005699_037.783803/ds/tmp/mriqc_wf/funcMRIQC/func_report_wf/46bb3a83ea79e29ce2bf78bd157c6d4902f9b488/PlotMosaicZoomed/mapflow/_PlotMosaicZoomed0".[0m
2026-03-26 22:46:24 |[34;20m INFO     [0m|[34;20m nipype.workflow  [0m|[34;20m [Node] Executing "_outliers0" <nipype.interfaces.afni.preprocess.OutlierCount>[0m
2026-03-26 22:46:24 |[34;20m INFO     [0m|[34;20m nipype.workflow  [0m|[34;20m [Node] Executing "final_masked" <niworkflows.interfaces.nibabel.ApplyMask>[0m
2026-03-26 22:46:24 |[34;20m INFO     [0m|[34;20m nipype.workflow  [0m|[34;20m [Node] Executing "_gcor0" <mriqc.interfaces.transitional.GCOR>[0m
2026-03-26 22:46:24 |[34;20m INFO     [0m|[34;20m nipype.workflow  [0m|[34;20m [Node] Executing "PlotBrainmask" <nireports.interfaces.mosaic.PlotContours>[0m
2026-03-26 22:46:24 |[34;20m INFO     [0m|[34;20m nipype.workflow  [0m|[34;20m [Node] Executing "_PlotMosaicZoomed0" <nireports.interfaces.mosaic.PlotMosaic>[0m
2026-03-26 22:46:24 |[34;20m INFO     [0m|[34;20m nipype.workflow  [0m|[34;20m [Node] Finished "final_masked", elapsed time 0.037979s.[0m
2026-03-26 22:46:25 |[34;20m INFO     [0m|[34;20m nipype.workflow  [0m|[34;20m [Node] Finished "dilated_mask", elapsed time 0.059241s.[0m
2026-03-26 22:46:25 |[34;20m INFO     [0m|[34;20m nipype.workflow  [0m|[34;20m [Node] Finished "_smoothness0", elapsed time 0.594231s.[0m
2026-03-26 22:46:26 |[34;20m INFO     [0m|[34;20m nipype.workflow  [0m|[34;20m [Node] Finished "_PlotMosaicZoomed0", elapsed time 1.064892s.[0m
2026-03-26 22:46:26 |[34;20m INFO     [0m|[34;20m nipype.workflow  [0m|[34;20m [Node] Finished "PlotBrainmask", elapsed time 1.350039s.[0m
2026-03-26 22:46:26 |[34;20m INFO     [0m|[34;20m nipype.workflow  [0m|[34;20m [Node] Finished "_outliers0", elapsed time 1.891065s.[0m
2026-03-26 22:46:26 |[34;20m INFO     [0m|[34;20m nipype.workflow  [0m|[34;20m [Node] Setting-up "mriqc_wf.funcMRIQC.func_report_wf.ds_report_norm" in "/local/nvme/ds005699_037.783803/ds/tmp/mriqc_wf/funcMRIQC/func_report_wf/46bb3a83ea79e29ce2bf78bd157c6d4902f9b488/ds_report_norm".[0m
2026-03-26 22:46:26 |[34;20m INFO     [0m|[34;20m nipype.workflow  [0m|[34;20m [Node] Executing "ds_report_norm" <mriqc.interfaces.DerivativesDataSink>[0m
2026-03-26 22:46:26 |[34;20m INFO     [0m|[34;20m nipype.workflow  [0m|[34;20m [Node] Setting-up "mriqc_wf.funcMRIQC.SpatialNormalization.ResampleSegmentation" in "/local/nvme/ds005699_037.783803/ds/tmp/mriqc_wf/funcMRIQC/SpatialNormalization/46bb3a83ea79e29ce2bf78bd157c6d4902f9b488/ResampleSegmentation".[0m
2026-03-26 22:46:26 |[34;20m INFO     [0m|[34;20m nipype.workflow  [0m|[34;20m [Node] Executing "ResampleSegmentation" <nipype.interfaces.ants.resampling.ApplyTransforms>[0m
2026-03-26 22:46:26 |[34;20m INFO     [0m|[34;20m nipype.workflow  [0m|[34;20m [Node] Finished "ds_report_norm", elapsed time 0.004826s.[0m
2026-03-26 22:46:27 |[34;20m INFO     [0m|[34;20m nipype.workflow  [0m|[34;20m [Node] Setting-up "mriqc_wf.funcMRIQC.func_report_wf.subtract_mask" in "/local/nvme/ds005699_037.783803/ds/tmp/mriqc_wf/funcMRIQC/func_report_wf/46bb3a83ea79e29ce2bf78bd157c6d4902f9b488/subtract_mask".[0m
2026-03-26 22:46:27 |[34;20m INFO     [0m|[34;20m nipype.workflow  [0m|[34;20m [Node] Executing "subtract_mask" <niworkflows.interfaces.morphology.BinarySubtraction>[0m
2026-03-26 22:46:27 |[34;20m INFO     [0m|[34;20m nipype.workflow  [0m|[34;20m [Node] Setting-up "_ds_report_zoomed0" in "/local/nvme/ds005699_037.783803/ds/tmp/mriqc_wf/funcMRIQC/func_report_wf/46bb3a83ea79e29ce2bf78bd157c6d4902f9b488/ds_report_zoomed/mapflow/_ds_report_zoomed0".[0m
2026-03-26 22:46:27 |[34;20m INFO     [0m|[34;20m nipype.workflow  [0m|[34;20m [Node] Executing "_ds_report_zoomed0" <mriqc.interfaces.DerivativesDataSink>[0m
2026-03-26 22:46:27 |[34;20m INFO     [0m|[34;20m nipype.workflow  [0m|[34;20m [Node] Finished "_ds_report_zoomed0", elapsed time 0.004604s.[0m
2026-03-26 22:46:27 |[34;20m INFO     [0m|[34;20m nipype.workflow  [0m|[34;20m [Node] Finished "subtract_mask", elapsed time 0.018979s.[0m
2026-03-26 22:46:27 |[34;20m INFO     [0m|[34;20m nipype.workflow  [0m|[34;20m [Node] Setting-up "mriqc_wf.funcMRIQC.func_report_wf.ds_report_bmask" in "/local/nvme/ds005699_037.783803/ds/tmp/mriqc_wf/funcMRIQC/func_report_wf/46bb3a83ea79e29ce2bf78bd157c6d4902f9b488/ds_report_bmask".[0m
2026-03-26 22:46:27 |[34;20m INFO     [0m|[34;20m nipype.workflow  [0m|[34;20m [Node] Executing "ds_report_bmask" <mriqc.interfaces.DerivativesDataSink>[0m
2026-03-26 22:46:27 |[34;20m INFO     [0m|[34;20m nipype.workflow  [0m|[34;20m [Node] Finished "ds_report_bmask", elapsed time 0.005015s.[0m
2026-03-26 22:46:28 |[34;20m INFO     [0m|[34;20m nipype.workflow  [0m|[34;20m [Node] Finished "_gcor0", elapsed time 4.040129s.[0m
2026-03-26 22:46:29 |[34;20m INFO     [0m|[34;20m nipype.workflow  [0m|[34;20m [Node] Finished "ResampleSegmentation", elapsed time 2.756323s.[0m
2026-03-26 22:46:30 |[34;20m INFO     [0m|[34;20m nipype.workflow  [0m|[34;20m [Node] Setting-up "mriqc_wf.funcMRIQC.func_report_wf.parcels" in "/local/nvme/ds005699_037.783803/ds/tmp/mriqc_wf/funcMRIQC/func_report_wf/46bb3a83ea79e29ce2bf78bd157c6d4902f9b488/parcels".[0m
2026-03-26 22:46:30 |[34;20m INFO     [0m|[34;20m nipype.workflow  [0m|[34;20m [Node] Executing "parcels" <nipype.interfaces.utility.wrappers.Function>[0m
2026-03-26 22:46:30 |[34;20m INFO     [0m|[34;20m nipype.workflow  [0m|[34;20m [Node] Finished "parcels", elapsed time 0.038613s.[0m
2026-03-26 22:46:36 |[34;20m INFO     [0m|[34;20m nipype.workflow  [0m|[34;20m [Node] Finished "_ComputeDVARS0", elapsed time 12.000944s.[0m
2026-03-26 22:46:38 |[34;20m INFO     [0m|[34;20m nipype.workflow  [0m|[34;20m [Node] Setting-up "_measures0" in "/local/nvme/ds005699_037.783803/ds/tmp/mriqc_wf/funcMRIQC/ComputeIQMs/46bb3a83ea79e29ce2bf78bd157c6d4902f9b488/measures/mapflow/_measures0".[0m
2026-03-26 22:46:38 |[34;20m INFO     [0m|[34;20m nipype.workflow  [0m|[34;20m [Node] Setting-up "_timeseries0" in "/local/nvme/ds005699_037.783803/ds/tmp/mriqc_wf/funcMRIQC/ComputeIQMs/46bb3a83ea79e29ce2bf78bd157c6d4902f9b488/timeseries/mapflow/_timeseries0".[0m
2026-03-26 22:46:38 |[34;20m INFO     [0m|[34;20m nipype.workflow  [0m|[34;20m [Node] Executing "_measures0" <mriqc.interfaces.functional.FunctionalQC>[0m
2026-03-26 22:46:38 |[34;20m INFO     [0m|[34;20m nipype.workflow  [0m|[34;20m [Node] Executing "_timeseries0" <mriqc.interfaces.functional.GatherTimeseries>[0m
2026-03-26 22:46:38 |[34;20m INFO     [0m|[34;20m nipype.workflow  [0m|[34;20m [Node] Setting-up "_BigPlot0" in "/local/nvme/ds005699_037.783803/ds/tmp/mriqc_wf/funcMRIQC/func_report_wf/46bb3a83ea79e29ce2bf78bd157c6d4902f9b488/BigPlot/mapflow/_BigPlot0".[0m
2026-03-26 22:46:38 |[34;20m INFO     [0m|[34;20m nipype.workflow  [0m|[34;20m [Node] Executing "_BigPlot0" <nireports.interfaces.fmri.FMRISummary>[0m
2026-03-26 22:46:38 |[34;20m INFO     [0m|[34;20m nipype.workflow  [0m|[34;20m [Node] Finished "_timeseries0", elapsed time 0.017376s.[0m
2026-03-26 22:46:40 |[34;20m INFO     [0m|[34;20m nipype.workflow  [0m|[34;20m [Node] Finished "_measures0", elapsed time 1.5325220000000002s.[0m
2026-03-26 22:46:40 |[34;20m INFO     [0m|[34;20m nipype.workflow  [0m|[34;20m [Node] Setting-up "_datasink0" in "/local/nvme/ds005699_037.783803/ds/tmp/mriqc_wf/funcMRIQC/ComputeIQMs/46bb3a83ea79e29ce2bf78bd157c6d4902f9b488/datasink/mapflow/_datasink0".[0m
2026-03-26 22:46:40 |[34;20m INFO     [0m|[34;20m nipype.workflow  [0m|[34;20m [Node] Executing "_datasink0" <mriqc.interfaces.bids.IQMFileSink>[0m
2026-03-26 22:46:40 |[34;20m INFO     [0m|[34;20m nipype.workflow  [0m|[34;20m [Node] Finished "_datasink0", elapsed time 0.001854s.[0m
2026-03-26 22:46:41 |[34;20m INFO     [0m|[34;20m nipype.workflow  [0m|[34;20m [Node] Setting-up "_ds_timeseries0" in "/local/nvme/ds005699_037.783803/ds/tmp/mriqc_wf/funcMRIQC/ComputeIQMs/46bb3a83ea79e29ce2bf78bd157c6d4902f9b488/ds_timeseries/mapflow/_ds_timeseries0".[0m
2026-03-26 22:46:41 |[34;20m INFO     [0m|[34;20m nipype.workflow  [0m|[34;20m [Node] Executing "_ds_timeseries0" <mriqc.interfaces.DerivativesDataSink>[0m
2026-03-26 22:46:41 |[34;20m INFO     [0m|[34;20m nipype.workflow  [0m|[34;20m [Node] Finished "_ds_timeseries0", elapsed time 0.004169s.[0m
2026-03-26 22:46:49 |[34;20m INFO     [0m|[34;20m nipype.workflow  [0m|[34;20m [Node] Finished "_BigPlot0", elapsed time 10.881459s.[0m
2026-03-26 22:46:50 |[34;20m INFO     [0m|[34;20m nipype.workflow  [0m|[34;20m [Node] Setting-up "_ds_report_carpet0" in "/local/nvme/ds005699_037.783803/ds/tmp/mriqc_wf/funcMRIQC/func_report_wf/46bb3a83ea79e29ce2bf78bd157c6d4902f9b488/ds_report_carpet/mapflow/_ds_report_carpet0".[0m
2026-03-26 22:46:50 |[34;20m INFO     [0m|[34;20m nipype.workflow  [0m|[34;20m [Node] Executing "_ds_report_carpet0" <mriqc.interfaces.DerivativesDataSink>[0m
2026-03-26 22:46:50 |[34;20m INFO     [0m|[34;20m nipype.workflow  [0m|[34;20m [Node] Finished "_ds_report_carpet0", elapsed time 0.004804s.[0m
2026-03-26 22:46:52 |[34;20m INFO     [0m|[34;20m nipype.workflow  [0m|[34;20m Generating reports...[0m
2026-03-26 22:46:53 |[34;20m INFO     [0m|[34;20m nipype.workflow  [0m|[34;20m Report generation finished (1 reports).[0m
2026-03-26 22:46:53 |[33;20m IMPORTANT [0m|[33;20m mriqc            [0m|[33;20m Participant level finished successfully averaging 00h 06min 56s per subject.[0m
2026-03-26 22:46:53 |[34;20m INFO     [0m|[34;20m mriqc            [0m|[34;20m Generating BIDS derivatives metadata.[0m
----------------------------------------------------------------
  MRIQC completed (elapsed time 00h 06min 56s).
----------------------------------------------------------------

