------------------------------------------------------------------
  Running MRIQC version 24.1.0.dev0+gd5b13cb5.d20240826
  ----------------------------------------------------------------

  NOTICE
  Copyright © The NiPreps Developers.
  
  This product includes software developed by
  the NiPreps Community (https://nipreps.org/).
  
  Portions of this software were developed at the Department of
  Psychology at Stanford University, Stanford, CA, US.
  
  This software contains code ultimately derived from the
  PCP Quality Assessment Protocol (QAP;
  http://preprocessed-connectomes-project.org/quality-assessment-protocol)
  by C. Craddock, S. Giavasis, D. Clark, Z. Shezhad, and J. Pellman.
  
  This software is also distributed as a Docker container image.
  The bootstrapping file for the image ("Dockerfile") is licensed
  under the MIT License.

  ----------------------------------------------------------------

  * BIDS dataset path: /local/nvme/ds005699_001.783803/ds/sourcedata/raw.
  * Output folder: mriqc.
  * Analysis levels: ['participant'].
------------------------------------------------------------------

2026-03-26 22:34:55 |[33;20m IMPORTANT [0m|[33;20m mriqc            [0m|[33;20m Extracting metadata and entities for 1 input runs of modality 't1w'...[0m
2026-03-26 22:34:55 |[33;20m IMPORTANT [0m|[33;20m mriqc            [0m|[33;20m File size ('t1w'): 0.01|0.01 GB [maximum|average].[0m
2026-03-26 22:34:55 |[34;20m INFO     [0m|[34;20m mriqc            [0m|[34;20m MRIQC config file: /local/nvme/ds005699_001.783803/ds/tmp/config-20260326-223453_0eb178bb-67b8-4675-a554-ad1dd7a4a529.toml.[0m
2026-03-26 22:35:02 |[34;20m INFO     [0m|[34;20m matplotlib.font_manager [0m|[34;20m generated new fontManager[0m
2026-03-26 22:35:03 |[33;20m IMPORTANT [0m|[33;20m mriqc            [0m|[33;20m Building MRIQC's workflows...[0m
2026-03-26 22:35:04 |[34;20m INFO     [0m|[34;20m nipype.workflow  [0m|[34;20m Building anatomical MRIQC workflow for 1 NIfTI files..[0m
2026-03-26 22:35:08 |[33;20m IMPORTANT [0m|[33;20m mriqc            [0m|[33;20m Workflow building finished (exit code 0).[0m
2026-03-26 22:35:13 |[34;20m INFO     [0m|[34;20m nipype.workflow  [0m|[34;20m Workflow mriqc_wf settings: ['check', 'execution', 'logging', 'monitoring'][0m
2026-03-26 22:35:13 |[34;20m INFO     [0m|[34;20m nipype.workflow  [0m|[34;20m [Node] Setting-up "mriqc_wf.anatMRIQC.conform" in "/local/nvme/ds005699_001.783803/ds/tmp/mriqc_wf/anatMRIQC/6d0908d9f3e52dc9011b092342e646507a0be05d/conform".[0m
2026-03-26 22:35:13 |[34;20m INFO     [0m|[34;20m nipype.workflow  [0m|[34;20m [Node] Executing "conform" <mriqc.interfaces.common.conform_image.ConformImage>[0m
2026-03-26 22:35:14 |[34;20m INFO     [0m|[34;20m nipype.workflow  [0m|[34;20m [Node] Finished "conform", elapsed time 0.484393s.[0m
2026-03-26 22:35:15 |[34;20m INFO     [0m|[34;20m nipype.workflow  [0m|[34;20m [Node] Setting-up "mriqc_wf.anatMRIQC.synthstrip_wf.pre_clip" in "/local/nvme/ds005699_001.783803/ds/tmp/mriqc_wf/anatMRIQC/synthstrip_wf/6d0908d9f3e52dc9011b092342e646507a0be05d/pre_clip".[0m
2026-03-26 22:35:15 |[34;20m INFO     [0m|[34;20m nipype.workflow  [0m|[34;20m [Node] Setting-up "mriqc_wf.anatMRIQC.AirMaskWorkflow.RotationMask" in "/local/nvme/ds005699_001.783803/ds/tmp/mriqc_wf/anatMRIQC/AirMaskWorkflow/6d0908d9f3e52dc9011b092342e646507a0be05d/RotationMask".[0m
2026-03-26 22:35:15 |[34;20m INFO     [0m|[34;20m nipype.workflow  [0m|[34;20m [Node] Setting-up "mriqc_wf.anatMRIQC.anat_report_wf.PlotMosaicNoise" in "/local/nvme/ds005699_001.783803/ds/tmp/mriqc_wf/anatMRIQC/anat_report_wf/6d0908d9f3e52dc9011b092342e646507a0be05d/PlotMosaicNoise".[0m
2026-03-26 22:35:15 |[34;20m INFO     [0m|[34;20m nipype.workflow  [0m|[34;20m [Node] Executing "pre_clip" <niworkflows.interfaces.nibabel.IntensityClip>[0m
2026-03-26 22:35:15 |[34;20m INFO     [0m|[34;20m nipype.workflow  [0m|[34;20m [Node] Executing "RotationMask" <mriqc.interfaces.anatomical.RotationMask>[0m
2026-03-26 22:35:15 |[34;20m INFO     [0m|[34;20m nipype.workflow  [0m|[34;20m [Node] Executing "PlotMosaicNoise" <nireports.interfaces.mosaic.PlotMosaic>[0m
2026-03-26 22:35:16 |[34;20m INFO     [0m|[34;20m nipype.workflow  [0m|[34;20m [Node] Finished "RotationMask", elapsed time 0.894204s.[0m
2026-03-26 22:35:24 |[34;20m INFO     [0m|[34;20m nipype.workflow  [0m|[34;20m [Node] Finished "PlotMosaicNoise", elapsed time 8.878101000000001s.[0m
2026-03-26 22:35:25 |[34;20m INFO     [0m|[34;20m nipype.workflow  [0m|[34;20m [Node] Setting-up "mriqc_wf.anatMRIQC.anat_report_wf.ds_report_background" in "/local/nvme/ds005699_001.783803/ds/tmp/mriqc_wf/anatMRIQC/anat_report_wf/6d0908d9f3e52dc9011b092342e646507a0be05d/ds_report_background".[0m
2026-03-26 22:35:25 |[34;20m INFO     [0m|[34;20m nipype.workflow  [0m|[34;20m [Node] Executing "ds_report_background" <mriqc.interfaces.DerivativesDataSink>[0m
2026-03-26 22:35:25 |[34;20m INFO     [0m|[34;20m nipype.workflow  [0m|[34;20m [Node] Finished "ds_report_background", elapsed time 0.009152s.[0m
2026-03-26 22:35:29 |[34;20m INFO     [0m|[34;20m nipype.workflow  [0m|[34;20m [Node] Finished "pre_clip", elapsed time 14.040318s.[0m
2026-03-26 22:35:31 |[34;20m INFO     [0m|[34;20m nipype.workflow  [0m|[34;20m [Node] Setting-up "mriqc_wf.anatMRIQC.synthstrip_wf.pre_n4" in "/local/nvme/ds005699_001.783803/ds/tmp/mriqc_wf/anatMRIQC/synthstrip_wf/6d0908d9f3e52dc9011b092342e646507a0be05d/pre_n4".[0m
2026-03-26 22:35:31 |[34;20m INFO     [0m|[34;20m nipype.workflow  [0m|[34;20m [Node] Executing "pre_n4" <nipype.interfaces.ants.segmentation.N4BiasFieldCorrection>[0m
2026-03-26 22:35:50 |[34;20m INFO     [0m|[34;20m nipype.workflow  [0m|[34;20m [Node] Finished "pre_n4", elapsed time 18.860259s.[0m
2026-03-26 22:35:51 |[34;20m INFO     [0m|[34;20m nipype.workflow  [0m|[34;20m [Node] Setting-up "mriqc_wf.anatMRIQC.synthstrip_wf.synthstrip" in "/local/nvme/ds005699_001.783803/ds/tmp/mriqc_wf/anatMRIQC/synthstrip_wf/6d0908d9f3e52dc9011b092342e646507a0be05d/synthstrip".[0m
2026-03-26 22:35:51 |[34;20m INFO     [0m|[34;20m nipype.workflow  [0m|[34;20m [Node] Executing "synthstrip" <mriqc.interfaces.synthstrip.SynthStrip>[0m
2026-03-26 22:36:25 |[34;20m INFO     [0m|[34;20m nipype.workflow  [0m|[34;20m [Node] Finished "synthstrip", elapsed time 33.347764s.[0m
2026-03-26 22:36:25 |[34;20m INFO     [0m|[34;20m nipype.workflow  [0m|[34;20m [Node] Setting-up "mriqc_wf.anatMRIQC.synthstrip_wf.post_n4" in "/local/nvme/ds005699_001.783803/ds/tmp/mriqc_wf/anatMRIQC/synthstrip_wf/6d0908d9f3e52dc9011b092342e646507a0be05d/post_n4".[0m
2026-03-26 22:36:25 |[34;20m INFO     [0m|[34;20m nipype.workflow  [0m|[34;20m [Node] Executing "post_n4" <nipype.interfaces.ants.segmentation.N4BiasFieldCorrection>[0m
2026-03-26 22:36:34 |[34;20m INFO     [0m|[34;20m nipype.workflow  [0m|[34;20m [Node] Finished "post_n4", elapsed time 8.856876s.[0m
2026-03-26 22:36:35 |[34;20m INFO     [0m|[34;20m nipype.workflow  [0m|[34;20m [Node] Setting-up "mriqc_wf.anatMRIQC.anat_report_wf.PlotMosaicZoomed" in "/local/nvme/ds005699_001.783803/ds/tmp/mriqc_wf/anatMRIQC/anat_report_wf/6d0908d9f3e52dc9011b092342e646507a0be05d/PlotMosaicZoomed".[0m
2026-03-26 22:36:35 |[34;20m INFO     [0m|[34;20m nipype.workflow  [0m|[34;20m [Node] Setting-up "mriqc_wf.anatMRIQC.ComputeIQMs.smoothness" in "/local/nvme/ds005699_001.783803/ds/tmp/mriqc_wf/anatMRIQC/ComputeIQMs/6d0908d9f3e52dc9011b092342e646507a0be05d/smoothness".[0m
2026-03-26 22:36:35 |[34;20m INFO     [0m|[34;20m nipype.workflow  [0m|[34;20m [Node] Setting-up "mriqc_wf.anatMRIQC.synthstrip_wf.final_masked" in "/local/nvme/ds005699_001.783803/ds/tmp/mriqc_wf/anatMRIQC/synthstrip_wf/6d0908d9f3e52dc9011b092342e646507a0be05d/final_masked".[0m
2026-03-26 22:36:35 |[34;20m INFO     [0m|[34;20m nipype.workflow  [0m|[34;20m [Node] Setting-up "mriqc_wf.anatMRIQC.anat_report_wf.PlotBrainmask" in "/local/nvme/ds005699_001.783803/ds/tmp/mriqc_wf/anatMRIQC/anat_report_wf/6d0908d9f3e52dc9011b092342e646507a0be05d/PlotBrainmask".[0m
2026-03-26 22:36:35 |[34;20m INFO     [0m|[34;20m nipype.workflow  [0m|[34;20m [Node] Executing "final_masked" <niworkflows.interfaces.nibabel.ApplyMask>[0m
2026-03-26 22:36:35 |[34;20m INFO     [0m|[34;20m nipype.workflow  [0m|[34;20m [Node] Executing "PlotMosaicZoomed" <nireports.interfaces.mosaic.PlotMosaic>[0m
2026-03-26 22:36:35 |[34;20m INFO     [0m|[34;20m nipype.workflow  [0m|[34;20m [Node] Executing "smoothness" <nipype.interfaces.afni.utils.FWHMx>[0m
2026-03-26 22:36:35 |[34;20m INFO     [0m|[34;20m nipype.workflow  [0m|[34;20m [Node] Executing "PlotBrainmask" <nireports.interfaces.mosaic.PlotContours>[0m
2026-03-26 22:36:35 |[34;20m INFO     [0m|[34;20m nipype.workflow  [0m|[34;20m [Node] Finished "final_masked", elapsed time 0.326348s.[0m
2026-03-26 22:36:40 |[34;20m INFO     [0m|[34;20m nipype.workflow  [0m|[34;20m [Node] Finished "PlotMosaicZoomed", elapsed time 5.275798s.[0m
2026-03-26 22:36:41 |[34;20m INFO     [0m|[34;20m nipype.workflow  [0m|[34;20m [Node] Setting-up "mriqc_wf.anatMRIQC.anat_report_wf.ds_report_zoomed" in "/local/nvme/ds005699_001.783803/ds/tmp/mriqc_wf/anatMRIQC/anat_report_wf/6d0908d9f3e52dc9011b092342e646507a0be05d/ds_report_zoomed".[0m
2026-03-26 22:36:41 |[34;20m INFO     [0m|[34;20m nipype.workflow  [0m|[34;20m [Node] Executing "ds_report_zoomed" <mriqc.interfaces.DerivativesDataSink>[0m
2026-03-26 22:36:41 |[34;20m INFO     [0m|[34;20m nipype.workflow  [0m|[34;20m [Node] Finished "ds_report_zoomed", elapsed time 0.004627s.[0m
2026-03-26 22:36:41 |[34;20m INFO     [0m|[34;20m nipype.workflow  [0m|[34;20m [Node] Finished "smoothness", elapsed time 6.215994s.[0m
2026-03-26 22:36:44 |[34;20m INFO     [0m|[34;20m nipype.workflow  [0m|[34;20m [Node] Finished "PlotBrainmask", elapsed time 8.575482000000001s.[0m
2026-03-26 22:36:45 |[34;20m INFO     [0m|[34;20m nipype.workflow  [0m|[34;20m [Node] Setting-up "mriqc_wf.anatMRIQC.SpatialNormalization.SpatialNormalization" in "/local/nvme/ds005699_001.783803/ds/tmp/mriqc_wf/anatMRIQC/SpatialNormalization/6d0908d9f3e52dc9011b092342e646507a0be05d/SpatialNormalization".[0m
2026-03-26 22:36:45 |[34;20m INFO     [0m|[34;20m nipype.workflow  [0m|[34;20m [Node] Executing "SpatialNormalization" <niworkflows.interfaces.reportlets.registration.SpatialNormalizationRPT>[0m
2026-03-26 22:36:47 |[34;20m INFO     [0m|[34;20m niworkflows      [0m|[34;20m Estimating initial transform using AffineInitializer[0m
2026-03-26 22:37:00 |[34;20m INFO     [0m|[34;20m niworkflows      [0m|[34;20m Terminal outputs of initialization saved (/local/nvme/ds005699_001.783803/ds/tmp/mriqc_wf/anatMRIQC/SpatialNormalization/6d0908d9f3e52dc9011b092342e646507a0be05d/SpatialNormalization/stderr.nipype-init).[0m
2026-03-26 22:37:00 |[34;20m INFO     [0m|[34;20m niworkflows      [0m|[34;20m Loading settings from file /opt/conda/lib/python3.11/site-packages/niworkflows/data/t1w-mni_registration_testing_000.json.[0m
2026-03-26 22:37:00 |[34;20m INFO     [0m|[34;20m niworkflows      [0m|[34;20m Retry #1, commandline: 
antsRegistration --collapse-output-transforms 1 --dimensionality 3 --float 0 --initial-moving-transform [ /local/nvme/ds005699_001.783803/ds/tmp/mriqc_wf/anatMRIQC/SpatialNormalization/6d0908d9f3e52dc9011b092342e646507a0be05d/SpatialNormalization/transform.mat, 0 ] --initialize-transforms-per-stage 0 --interpolation LanczosWindowedSinc --output [ ants_t1_to_mni, ants_t1_to_mni_Warped.nii.gz ] --transform Rigid[ 1.0 ] --metric Mattes[ /local/nvme/ds005699_001.783803/ds/tmp/mriqc_wf/anatMRIQC/SpatialNormalization/6d0908d9f3e52dc9011b092342e646507a0be05d/SpatialNormalization/fixed_masked.nii.gz, /local/nvme/ds005699_001.783803/ds/tmp/mriqc_wf/anatMRIQC/SpatialNormalization/6d0908d9f3e52dc9011b092342e646507a0be05d/SpatialNormalization/moving_masked.nii.gz, 1, 56, Random, 0.2 ] --convergence [ 20, 1e-07, 15 ] --smoothing-sigmas 4.0vox --shrink-factors 2 --use-histogram-matching 0 --transform Affine[ 1.0 ] --metric Mattes[ /local/nvme/ds005699_001.783803/ds/tmp/mriqc_wf/anatMRIQC/SpatialNormalization/6d0908d9f3e52dc9011b092342e646507a0be05d/SpatialNormalization/fixed_masked.nii.gz, /local/nvme/ds005699_001.783803/ds/tmp/mriqc_wf/anatMRIQC/SpatialNormalization/6d0908d9f3e52dc9011b092342e646507a0be05d/SpatialNormalization/moving_masked.nii.gz, 1, 56, Random, 0.1 ] --convergence [ 15, 1e-08, 5 ] --smoothing-sigmas 2.0vox --shrink-factors 1 --use-histogram-matching 1 --winsorize-image-intensities [ 0.005, 0.995 ]  --write-composite-transform 1[0m
2026-03-26 22:37:04 |[34;20m INFO     [0m|[34;20m niworkflows      [0m|[34;20m Successful spatial normalization (retry #1).[0m
2026-03-26 22:37:08 |[34;20m INFO     [0m|[34;20m niworkflows      [0m|[34;20m Report - setting fixed (/local/nvme/ds005699_001.783803/ds/tmp/mriqc_wf/anatMRIQC/SpatialNormalization/6d0908d9f3e52dc9011b092342e646507a0be05d/SpatialNormalization/fixed_masked.nii.gz) and moving (/local/nvme/ds005699_001.783803/ds/tmp/mriqc_wf/anatMRIQC/SpatialNormalization/6d0908d9f3e52dc9011b092342e646507a0be05d/SpatialNormalization/ants_t1_to_mni_Warped.nii.gz) images[0m
2026-03-26 22:37:08 |[34;20m INFO     [0m|[34;20m niworkflows      [0m|[34;20m Generating visual report[0m
2026-03-26 22:37:23 |[34;20m INFO     [0m|[34;20m nipype.workflow  [0m|[34;20m [Node] Finished "SpatialNormalization", elapsed time 37.842404s.[0m
2026-03-26 22:37:23 |[34;20m INFO     [0m|[34;20m nipype.workflow  [0m|[34;20m [Node] Setting-up "mriqc_wf.anatMRIQC.anat_report_wf.ds_report_bmask" in "/local/nvme/ds005699_001.783803/ds/tmp/mriqc_wf/anatMRIQC/anat_report_wf/6d0908d9f3e52dc9011b092342e646507a0be05d/ds_report_bmask".[0m
2026-03-26 22:37:23 |[34;20m INFO     [0m|[34;20m nipype.workflow  [0m|[34;20m [Node] Executing "ds_report_bmask" <mriqc.interfaces.DerivativesDataSink>[0m
2026-03-26 22:37:23 |[34;20m INFO     [0m|[34;20m nipype.workflow  [0m|[34;20m [Node] Finished "ds_report_bmask", elapsed time 0.004548s.[0m
2026-03-26 22:37:23 |[34;20m INFO     [0m|[34;20m nipype.workflow  [0m|[34;20m [Node] Setting-up "mriqc_wf.anatMRIQC.anat_report_wf.ds_report_norm" in "/local/nvme/ds005699_001.783803/ds/tmp/mriqc_wf/anatMRIQC/anat_report_wf/6d0908d9f3e52dc9011b092342e646507a0be05d/ds_report_norm".[0m
2026-03-26 22:37:23 |[34;20m INFO     [0m|[34;20m nipype.workflow  [0m|[34;20m [Node] Executing "ds_report_norm" <mriqc.interfaces.DerivativesDataSink>[0m
2026-03-26 22:37:23 |[34;20m INFO     [0m|[34;20m nipype.workflow  [0m|[34;20m [Node] Finished "ds_report_norm", elapsed time 0.004548s.[0m
2026-03-26 22:37:25 |[34;20m INFO     [0m|[34;20m nipype.workflow  [0m|[34;20m [Node] Setting-up "_tpms_std2t1w0" in "/local/nvme/ds005699_001.783803/ds/tmp/mriqc_wf/anatMRIQC/SpatialNormalization/6d0908d9f3e52dc9011b092342e646507a0be05d/tpms_std2t1w/mapflow/_tpms_std2t1w0".[0m
2026-03-26 22:37:25 |[34;20m INFO     [0m|[34;20m nipype.workflow  [0m|[34;20m [Node] Setting-up "_tpms_std2t1w1" in "/local/nvme/ds005699_001.783803/ds/tmp/mriqc_wf/anatMRIQC/SpatialNormalization/6d0908d9f3e52dc9011b092342e646507a0be05d/tpms_std2t1w/mapflow/_tpms_std2t1w1".[0m
2026-03-26 22:37:25 |[34;20m INFO     [0m|[34;20m nipype.workflow  [0m|[34;20m [Node] Setting-up "_tpms_std2t1w2" in "/local/nvme/ds005699_001.783803/ds/tmp/mriqc_wf/anatMRIQC/SpatialNormalization/6d0908d9f3e52dc9011b092342e646507a0be05d/tpms_std2t1w/mapflow/_tpms_std2t1w2".[0m
2026-03-26 22:37:25 |[34;20m INFO     [0m|[34;20m nipype.workflow  [0m|[34;20m [Node] Executing "_tpms_std2t1w0" <niworkflows.interfaces.fixes.FixHeaderApplyTransforms>[0m
2026-03-26 22:37:25 |[34;20m INFO     [0m|[34;20m nipype.workflow  [0m|[34;20m [Node] Executing "_tpms_std2t1w1" <niworkflows.interfaces.fixes.FixHeaderApplyTransforms>[0m
2026-03-26 22:37:25 |[34;20m INFO     [0m|[34;20m nipype.workflow  [0m|[34;20m [Node] Executing "_tpms_std2t1w2" <niworkflows.interfaces.fixes.FixHeaderApplyTransforms>[0m
2026-03-26 22:37:33 |[34;20m INFO     [0m|[34;20m nipype.workflow  [0m|[34;20m [Node] Finished "_tpms_std2t1w0", elapsed time 8.090096s.[0m
2026-03-26 22:37:33 |[34;20m INFO     [0m|[34;20m nipype.workflow  [0m|[34;20m [Node] Finished "_tpms_std2t1w2", elapsed time 8.170873s.[0m
2026-03-26 22:37:33 |[34;20m INFO     [0m|[34;20m nipype.workflow  [0m|[34;20m [Node] Finished "_tpms_std2t1w1", elapsed time 8.171733s.[0m
2026-03-26 22:37:35 |[34;20m INFO     [0m|[34;20m nipype.workflow  [0m|[34;20m [Node] Setting-up "_tpms_std2t1w0" in "/local/nvme/ds005699_001.783803/ds/tmp/mriqc_wf/anatMRIQC/SpatialNormalization/6d0908d9f3e52dc9011b092342e646507a0be05d/tpms_std2t1w/mapflow/_tpms_std2t1w0".[0m
2026-03-26 22:37:35 |[34;20m INFO     [0m|[34;20m nipype.workflow  [0m|[34;20m [Node] Cached "_tpms_std2t1w0" - collecting precomputed outputs[0m
2026-03-26 22:37:35 |[34;20m INFO     [0m|[34;20m nipype.workflow  [0m|[34;20m [Node] "_tpms_std2t1w0" found cached.[0m
2026-03-26 22:37:35 |[34;20m INFO     [0m|[34;20m nipype.workflow  [0m|[34;20m [Node] Setting-up "_tpms_std2t1w1" in "/local/nvme/ds005699_001.783803/ds/tmp/mriqc_wf/anatMRIQC/SpatialNormalization/6d0908d9f3e52dc9011b092342e646507a0be05d/tpms_std2t1w/mapflow/_tpms_std2t1w1".[0m
2026-03-26 22:37:35 |[34;20m INFO     [0m|[34;20m nipype.workflow  [0m|[34;20m [Node] Cached "_tpms_std2t1w1" - collecting precomputed outputs[0m
2026-03-26 22:37:35 |[34;20m INFO     [0m|[34;20m nipype.workflow  [0m|[34;20m [Node] "_tpms_std2t1w1" found cached.[0m
2026-03-26 22:37:35 |[34;20m INFO     [0m|[34;20m nipype.workflow  [0m|[34;20m [Node] Setting-up "_tpms_std2t1w2" in "/local/nvme/ds005699_001.783803/ds/tmp/mriqc_wf/anatMRIQC/SpatialNormalization/6d0908d9f3e52dc9011b092342e646507a0be05d/tpms_std2t1w/mapflow/_tpms_std2t1w2".[0m
2026-03-26 22:37:35 |[34;20m INFO     [0m|[34;20m nipype.workflow  [0m|[34;20m [Node] Cached "_tpms_std2t1w2" - collecting precomputed outputs[0m
2026-03-26 22:37:35 |[34;20m INFO     [0m|[34;20m nipype.workflow  [0m|[34;20m [Node] "_tpms_std2t1w2" found cached.[0m
2026-03-26 22:37:37 |[34;20m INFO     [0m|[34;20m nipype.workflow  [0m|[34;20m [Node] Setting-up "mriqc_wf.anatMRIQC.HeadMaskWorkflow.Enhance" in "/local/nvme/ds005699_001.783803/ds/tmp/mriqc_wf/anatMRIQC/HeadMaskWorkflow/6d0908d9f3e52dc9011b092342e646507a0be05d/Enhance".[0m
2026-03-26 22:37:37 |[34;20m INFO     [0m|[34;20m nipype.workflow  [0m|[34;20m [Node] Setting-up "mriqc_wf.anatMRIQC.brain_tissue_segmentation.format_tpm_names" in "/local/nvme/ds005699_001.783803/ds/tmp/mriqc_wf/anatMRIQC/brain_tissue_segmentation/6d0908d9f3e52dc9011b092342e646507a0be05d/format_tpm_names".[0m
2026-03-26 22:37:37 |[34;20m INFO     [0m|[34;20m nipype.workflow  [0m|[34;20m [Node] Executing "Enhance" <nipype.interfaces.utility.wrappers.Function>[0m
2026-03-26 22:37:37 |[34;20m INFO     [0m|[34;20m nipype.workflow  [0m|[34;20m [Node] Executing "format_tpm_names" <nipype.interfaces.utility.wrappers.Function>[0m
2026-03-26 22:37:39 |[34;20m INFO     [0m|[34;20m nipype.workflow  [0m|[34;20m [Node] Finished "format_tpm_names", elapsed time 1.776148s.[0m
2026-03-26 22:37:41 |[34;20m INFO     [0m|[34;20m nipype.workflow  [0m|[34;20m [Node] Finished "Enhance", elapsed time 3.361885s.[0m
2026-03-26 22:37:41 |[34;20m INFO     [0m|[34;20m nipype.workflow  [0m|[34;20m [Node] Setting-up "mriqc_wf.anatMRIQC.HeadMaskWorkflow.Grad" in "/local/nvme/ds005699_001.783803/ds/tmp/mriqc_wf/anatMRIQC/HeadMaskWorkflow/6d0908d9f3e52dc9011b092342e646507a0be05d/Grad".[0m
2026-03-26 22:37:41 |[34;20m INFO     [0m|[34;20m nipype.workflow  [0m|[34;20m [Node] Setting-up "mriqc_wf.anatMRIQC.HeadMaskWorkflow.apply_mask" in "/local/nvme/ds005699_001.783803/ds/tmp/mriqc_wf/anatMRIQC/HeadMaskWorkflow/6d0908d9f3e52dc9011b092342e646507a0be05d/apply_mask".[0m
2026-03-26 22:37:41 |[34;20m INFO     [0m|[34;20m nipype.workflow  [0m|[34;20m [Node] Executing "apply_mask" <niworkflows.interfaces.nibabel.ApplyMask>[0m
2026-03-26 22:37:41 |[34;20m INFO     [0m|[34;20m nipype.workflow  [0m|[34;20m [Node] Executing "Grad" <nipype.interfaces.utility.wrappers.Function>[0m
2026-03-26 22:37:41 |[34;20m INFO     [0m|[34;20m nipype.workflow  [0m|[34;20m [Node] Finished "apply_mask", elapsed time 0.313319s.[0m
2026-03-26 22:37:46 |[34;20m INFO     [0m|[34;20m nipype.workflow  [0m|[34;20m [Node] Finished "Grad", elapsed time 5.268345s.[0m
2026-03-26 22:37:47 |[34;20m INFO     [0m|[34;20m nipype.workflow  [0m|[34;20m [Node] Setting-up "mriqc_wf.anatMRIQC.HeadMaskWorkflow.GradientThreshold" in "/local/nvme/ds005699_001.783803/ds/tmp/mriqc_wf/anatMRIQC/HeadMaskWorkflow/6d0908d9f3e52dc9011b092342e646507a0be05d/GradientThreshold".[0m
2026-03-26 22:37:47 |[34;20m INFO     [0m|[34;20m nipype.workflow  [0m|[34;20m [Node] Executing "GradientThreshold" <nipype.interfaces.utility.wrappers.Function>[0m
2026-03-26 22:37:58 |[34;20m INFO     [0m|[34;20m nipype.workflow  [0m|[34;20m [Node] Finished "GradientThreshold", elapsed time 11.085681s.[0m
2026-03-26 22:37:59 |[34;20m INFO     [0m|[34;20m nipype.workflow  [0m|[34;20m [Node] Setting-up "mriqc_wf.anatMRIQC.brain_tissue_segmentation.segmentation" in "/local/nvme/ds005699_001.783803/ds/tmp/mriqc_wf/anatMRIQC/brain_tissue_segmentation/6d0908d9f3e52dc9011b092342e646507a0be05d/segmentation".[0m
2026-03-26 22:37:59 |[34;20m INFO     [0m|[34;20m nipype.workflow  [0m|[34;20m [Node] Executing "segmentation" <nipype.interfaces.ants.segmentation.Atropos>[0m
2026-03-26 22:38:49 |[34;20m INFO     [0m|[34;20m nipype.workflow  [0m|[34;20m [Node] Finished "segmentation", elapsed time 49.97672s.[0m
2026-03-26 22:38:51 |[34;20m INFO     [0m|[34;20m nipype.workflow  [0m|[34;20m [Node] Setting-up "mriqc_wf.anatMRIQC.anat_report_wf.PlotHeadmask" in "/local/nvme/ds005699_001.783803/ds/tmp/mriqc_wf/anatMRIQC/anat_report_wf/6d0908d9f3e52dc9011b092342e646507a0be05d/PlotHeadmask".[0m
2026-03-26 22:38:51 |[34;20m INFO     [0m|[34;20m nipype.workflow  [0m|[34;20m [Node] Setting-up "mriqc_wf.anatMRIQC.AirMaskWorkflow.ArtifactMask" in "/local/nvme/ds005699_001.783803/ds/tmp/mriqc_wf/anatMRIQC/AirMaskWorkflow/6d0908d9f3e52dc9011b092342e646507a0be05d/ArtifactMask".[0m
2026-03-26 22:38:51 |[34;20m INFO     [0m|[34;20m nipype.workflow  [0m|[34;20m [Node] Setting-up "mriqc_wf.anatMRIQC.anat_report_wf.PlotSegmentation" in "/local/nvme/ds005699_001.783803/ds/tmp/mriqc_wf/anatMRIQC/anat_report_wf/6d0908d9f3e52dc9011b092342e646507a0be05d/PlotSegmentation".[0m
2026-03-26 22:38:51 |[34;20m INFO     [0m|[34;20m nipype.workflow  [0m|[34;20m [Node] Setting-up "mriqc_wf.anatMRIQC.ComputeIQMs.harmonize" in "/local/nvme/ds005699_001.783803/ds/tmp/mriqc_wf/anatMRIQC/ComputeIQMs/6d0908d9f3e52dc9011b092342e646507a0be05d/harmonize".[0m
2026-03-26 22:38:51 |[34;20m INFO     [0m|[34;20m nipype.workflow  [0m|[34;20m [Node] Executing "PlotHeadmask" <nireports.interfaces.mosaic.PlotContours>[0m
2026-03-26 22:38:51 |[34;20m INFO     [0m|[34;20m nipype.workflow  [0m|[34;20m [Node] Executing "ArtifactMask" <mriqc.interfaces.anatomical.ArtifactMask>[0m
2026-03-26 22:38:51 |[34;20m INFO     [0m|[34;20m nipype.workflow  [0m|[34;20m [Node] Executing "PlotSegmentation" <nireports.interfaces.mosaic.PlotContours>[0m
2026-03-26 22:38:51 |[34;20m INFO     [0m|[34;20m nipype.workflow  [0m|[34;20m [Node] Executing "harmonize" <mriqc.interfaces.anatomical.Harmonize>[0m
2026-03-26 22:38:54 |[34;20m INFO     [0m|[34;20m nipype.workflow  [0m|[34;20m [Node] Finished "harmonize", elapsed time 3.162801s.[0m
2026-03-26 22:38:57 |[34;20m INFO     [0m|[34;20m nipype.workflow  [0m|[34;20m [Node] Finished "ArtifactMask", elapsed time 5.636455s.[0m
2026-03-26 22:38:57 |[34;20m INFO     [0m|[34;20m nipype.workflow  [0m|[34;20m [Node] Setting-up "mriqc_wf.anatMRIQC.ComputeIQMs.provenance" in "/local/nvme/ds005699_001.783803/ds/tmp/mriqc_wf/anatMRIQC/ComputeIQMs/6d0908d9f3e52dc9011b092342e646507a0be05d/provenance".[0m
2026-03-26 22:38:57 |[34;20m INFO     [0m|[34;20m nipype.workflow  [0m|[34;20m [Node] Executing "provenance" <mriqc.interfaces.reports.AddProvenance>[0m
2026-03-26 22:38:57 |[34;20m INFO     [0m|[34;20m nipype.workflow  [0m|[34;20m [Node] Finished "provenance", elapsed time 0.068401s.[0m
2026-03-26 22:38:57 |[34;20m INFO     [0m|[34;20m nipype.workflow  [0m|[34;20m [Node] Setting-up "mriqc_wf.anatMRIQC.ComputeIQMs.ComputeQI2" in "/local/nvme/ds005699_001.783803/ds/tmp/mriqc_wf/anatMRIQC/ComputeIQMs/6d0908d9f3e52dc9011b092342e646507a0be05d/ComputeQI2".[0m
2026-03-26 22:38:57 |[34;20m INFO     [0m|[34;20m nipype.workflow  [0m|[34;20m [Node] Setting-up "mriqc_wf.anatMRIQC.anat_report_wf.PlotArtmask" in "/local/nvme/ds005699_001.783803/ds/tmp/mriqc_wf/anatMRIQC/anat_report_wf/6d0908d9f3e52dc9011b092342e646507a0be05d/PlotArtmask".[0m
2026-03-26 22:38:57 |[34;20m INFO     [0m|[34;20m nipype.workflow  [0m|[34;20m [Node] Setting-up "mriqc_wf.anatMRIQC.anat_report_wf.PlotAirmask" in "/local/nvme/ds005699_001.783803/ds/tmp/mriqc_wf/anatMRIQC/anat_report_wf/6d0908d9f3e52dc9011b092342e646507a0be05d/PlotAirmask".[0m
2026-03-26 22:38:57 |[34;20m INFO     [0m|[34;20m nipype.workflow  [0m|[34;20m [Node] Setting-up "mriqc_wf.anatMRIQC.ComputeIQMs.measures" in "/local/nvme/ds005699_001.783803/ds/tmp/mriqc_wf/anatMRIQC/ComputeIQMs/6d0908d9f3e52dc9011b092342e646507a0be05d/measures".[0m
2026-03-26 22:38:57 |[34;20m INFO     [0m|[34;20m nipype.workflow  [0m|[34;20m [Node] Executing "PlotArtmask" <nireports.interfaces.mosaic.PlotContours>[0m
2026-03-26 22:38:57 |[34;20m INFO     [0m|[34;20m nipype.workflow  [0m|[34;20m [Node] Executing "PlotAirmask" <nireports.interfaces.mosaic.PlotContours>[0m
2026-03-26 22:38:57 |[34;20m INFO     [0m|[34;20m nipype.workflow  [0m|[34;20m [Node] Executing "measures" <mriqc.interfaces.anatomical.StructuralQC>[0m
2026-03-26 22:38:57 |[34;20m INFO     [0m|[34;20m nipype.workflow  [0m|[34;20m [Node] Executing "ComputeQI2" <mriqc.interfaces.anatomical.ComputeQI2>[0m
2026-03-26 22:39:01 |[34;20m INFO     [0m|[34;20m nipype.workflow  [0m|[34;20m [Node] Finished "PlotSegmentation", elapsed time 9.545678s.[0m
2026-03-26 22:39:01 |[34;20m INFO     [0m|[34;20m nipype.workflow  [0m|[34;20m [Node] Finished "PlotHeadmask", elapsed time 9.920768s.[0m
2026-03-26 22:39:01 |[34;20m INFO     [0m|[34;20m nipype.workflow  [0m|[34;20m [Node] Setting-up "mriqc_wf.anatMRIQC.anat_report_wf.ds_report_segm" in "/local/nvme/ds005699_001.783803/ds/tmp/mriqc_wf/anatMRIQC/anat_report_wf/6d0908d9f3e52dc9011b092342e646507a0be05d/ds_report_segm".[0m
2026-03-26 22:39:01 |[34;20m INFO     [0m|[34;20m nipype.workflow  [0m|[34;20m [Node] Executing "ds_report_segm" <mriqc.interfaces.DerivativesDataSink>[0m
2026-03-26 22:39:01 |[34;20m INFO     [0m|[34;20m nipype.workflow  [0m|[34;20m [Node] Finished "ds_report_segm", elapsed time 0.004738s.[0m
2026-03-26 22:39:03 |[34;20m INFO     [0m|[34;20m nipype.workflow  [0m|[34;20m [Node] Setting-up "mriqc_wf.anatMRIQC.anat_report_wf.ds_report_headmask" in "/local/nvme/ds005699_001.783803/ds/tmp/mriqc_wf/anatMRIQC/anat_report_wf/6d0908d9f3e52dc9011b092342e646507a0be05d/ds_report_headmask".[0m
2026-03-26 22:39:03 |[34;20m INFO     [0m|[34;20m nipype.workflow  [0m|[34;20m [Node] Executing "ds_report_headmask" <mriqc.interfaces.DerivativesDataSink>[0m
2026-03-26 22:39:03 |[34;20m INFO     [0m|[34;20m nipype.workflow  [0m|[34;20m [Node] Finished "ds_report_headmask", elapsed time 0.004612s.[0m
2026-03-26 22:39:05 |[34;20m INFO     [0m|[34;20m nipype.workflow  [0m|[34;20m [Node] Finished "PlotArtmask", elapsed time 7.226729s.[0m
2026-03-26 22:39:05 |[34;20m INFO     [0m|[34;20m nipype.workflow  [0m|[34;20m [Node] Setting-up "mriqc_wf.anatMRIQC.anat_report_wf.ds_report_artmask" in "/local/nvme/ds005699_001.783803/ds/tmp/mriqc_wf/anatMRIQC/anat_report_wf/6d0908d9f3e52dc9011b092342e646507a0be05d/ds_report_artmask".[0m
2026-03-26 22:39:05 |[34;20m INFO     [0m|[34;20m nipype.workflow  [0m|[34;20m [Node] Executing "ds_report_artmask" <mriqc.interfaces.DerivativesDataSink>[0m
2026-03-26 22:39:05 |[34;20m INFO     [0m|[34;20m nipype.workflow  [0m|[34;20m [Node] Finished "ds_report_artmask", elapsed time 0.004458s.[0m
2026-03-26 22:39:06 |[34;20m INFO     [0m|[34;20m nipype.workflow  [0m|[34;20m [Node] Finished "PlotAirmask", elapsed time 8.447496s.[0m
2026-03-26 22:39:07 |[34;20m INFO     [0m|[34;20m nipype.workflow  [0m|[34;20m [Node] Setting-up "mriqc_wf.anatMRIQC.anat_report_wf.ds_report_airmask" in "/local/nvme/ds005699_001.783803/ds/tmp/mriqc_wf/anatMRIQC/anat_report_wf/6d0908d9f3e52dc9011b092342e646507a0be05d/ds_report_airmask".[0m
2026-03-26 22:39:07 |[34;20m INFO     [0m|[34;20m nipype.workflow  [0m|[34;20m [Node] Executing "ds_report_airmask" <mriqc.interfaces.DerivativesDataSink>[0m
2026-03-26 22:39:07 |[34;20m INFO     [0m|[34;20m nipype.workflow  [0m|[34;20m [Node] Finished "ds_report_airmask", elapsed time 0.004518s.[0m
2026-03-26 22:39:09 |[34;20m INFO     [0m|[34;20m nipype.workflow  [0m|[34;20m [Node] Finished "ComputeQI2", elapsed time 11.671183s.[0m
2026-03-26 22:39:09 |[34;20m INFO     [0m|[34;20m nipype.workflow  [0m|[34;20m [Node] Setting-up "mriqc_wf.anatMRIQC.anat_report_wf.ds_report_noisefit" in "/local/nvme/ds005699_001.783803/ds/tmp/mriqc_wf/anatMRIQC/anat_report_wf/6d0908d9f3e52dc9011b092342e646507a0be05d/ds_report_noisefit".[0m
2026-03-26 22:39:09 |[34;20m INFO     [0m|[34;20m nipype.workflow  [0m|[34;20m [Node] Executing "ds_report_noisefit" <mriqc.interfaces.DerivativesDataSink>[0m
2026-03-26 22:39:09 |[34;20m INFO     [0m|[34;20m nipype.workflow  [0m|[34;20m [Node] Finished "ds_report_noisefit", elapsed time 0.004472s.[0m
2026-03-26 22:39:13 |[93;20m WARNING  [0m|[93;20m nipype.interface [0m|[93;20m Estimated signal variation in the background was too small (MAD=0.0, sigma=12.6418)[0m
2026-03-26 22:39:13 |[93;20m WARNING  [0m|[93;20m nipype.interface [0m|[93;20m Estimated signal variation in the background was too small (MAD=0.0, sigma=12.6418)[0m
2026-03-26 22:39:13 |[93;20m WARNING  [0m|[93;20m nipype.interface [0m|[93;20m Estimated signal variation in the background was too small (MAD=0.0, sigma=12.6418)[0m
2026-03-26 22:39:54 |[34;20m INFO     [0m|[34;20m nipype.workflow  [0m|[34;20m [Node] Finished "measures", elapsed time 57.065312s.[0m
2026-03-26 22:39:55 |[34;20m INFO     [0m|[34;20m nipype.workflow  [0m|[34;20m [Node] Setting-up "mriqc_wf.anatMRIQC.ComputeIQMs.datasink" in "/local/nvme/ds005699_001.783803/ds/tmp/mriqc_wf/anatMRIQC/ComputeIQMs/6d0908d9f3e52dc9011b092342e646507a0be05d/datasink".[0m
2026-03-26 22:39:55 |[34;20m INFO     [0m|[34;20m nipype.workflow  [0m|[34;20m [Node] Executing "datasink" <mriqc.interfaces.bids.IQMFileSink>[0m
2026-03-26 22:39:55 |[34;20m INFO     [0m|[34;20m nipype.workflow  [0m|[34;20m [Node] Finished "datasink", elapsed time 0.001756s.[0m
2026-03-26 22:39:57 |[34;20m INFO     [0m|[34;20m nipype.workflow  [0m|[34;20m Generating reports...[0m
2026-03-26 22:39:57 |[34;20m INFO     [0m|[34;20m nipype.workflow  [0m|[34;20m Report generation finished (1 reports).[0m
2026-03-26 22:39:57 |[33;20m IMPORTANT [0m|[33;20m mriqc            [0m|[33;20m Participant level finished successfully averaging 00h 05min 04s per subject.[0m
2026-03-26 22:39:57 |[34;20m INFO     [0m|[34;20m mriqc            [0m|[34;20m Generating BIDS derivatives metadata.[0m
----------------------------------------------------------------
  MRIQC completed (elapsed time 00h 05min 04s).
----------------------------------------------------------------

