------------------------------------------------------------------
  Running MRIQC version 24.1.0.dev0+gd5b13cb5.d20240826
  ----------------------------------------------------------------

  NOTICE
  Copyright © The NiPreps Developers.
  
  This product includes software developed by
  the NiPreps Community (https://nipreps.org/).
  
  Portions of this software were developed at the Department of
  Psychology at Stanford University, Stanford, CA, US.
  
  This software contains code ultimately derived from the
  PCP Quality Assessment Protocol (QAP;
  http://preprocessed-connectomes-project.org/quality-assessment-protocol)
  by C. Craddock, S. Giavasis, D. Clark, Z. Shezhad, and J. Pellman.
  
  This software is also distributed as a Docker container image.
  The bootstrapping file for the image ("Dockerfile") is licensed
  under the MIT License.

  ----------------------------------------------------------------

  * BIDS dataset path: /local/nvme/ds005699_004.783803/ds/sourcedata/raw.
  * Output folder: mriqc.
  * Analysis levels: ['participant'].
------------------------------------------------------------------

2026-03-26 22:40:05 |[33;20m IMPORTANT [0m|[33;20m mriqc            [0m|[33;20m Extracting metadata and entities for 1 input runs of modality 'bold'...[0m
2026-03-26 22:40:05 |[33;20m IMPORTANT [0m|[33;20m mriqc            [0m|[33;20m File size ('bold'): 0.10|0.10 GB [maximum|average].[0m
2026-03-26 22:40:05 |[34;20m INFO     [0m|[34;20m mriqc            [0m|[34;20m MRIQC config file: /local/nvme/ds005699_004.783803/ds/tmp/config-20260326-224000_8aae0faf-0396-4711-9798-0d2659f6df63.toml.[0m
2026-03-26 22:40:12 |[34;20m INFO     [0m|[34;20m matplotlib.font_manager [0m|[34;20m generated new fontManager[0m
2026-03-26 22:40:13 |[33;20m IMPORTANT [0m|[33;20m mriqc            [0m|[33;20m Building MRIQC's workflows...[0m
2026-03-26 22:40:13 |[34;20m INFO     [0m|[34;20m nipype.workflow  [0m|[34;20m Building functional MRIQC workflow for 1 BOLD runs..[0m
2026-03-26 22:40:19 |[33;20m IMPORTANT [0m|[33;20m mriqc            [0m|[33;20m Workflow building finished (exit code 0).[0m
2026-03-26 22:40:23 |[34;20m INFO     [0m|[34;20m nipype.workflow  [0m|[34;20m Workflow mriqc_wf settings: ['check', 'execution', 'logging', 'monitoring'][0m
2026-03-26 22:40:23 |[34;20m INFO     [0m|[34;20m nipype.workflow  [0m|[34;20m [Node] Setting-up "mriqc_wf.funcMRIQC.pick_echo" in "/local/nvme/ds005699_004.783803/ds/tmp/mriqc_wf/funcMRIQC/f780a98f628bcb9dab0291998ae1ae4fc6bfae16/pick_echo".[0m
2026-03-26 22:40:23 |[34;20m INFO     [0m|[34;20m nipype.workflow  [0m|[34;20m [Node] Setting-up "_provenance0" in "/local/nvme/ds005699_004.783803/ds/tmp/mriqc_wf/funcMRIQC/ComputeIQMs/f780a98f628bcb9dab0291998ae1ae4fc6bfae16/provenance/mapflow/_provenance0".[0m
2026-03-26 22:40:23 |[34;20m INFO     [0m|[34;20m nipype.workflow  [0m|[34;20m [Node] Executing "_provenance0" <mriqc.interfaces.reports.AddProvenance>[0m
2026-03-26 22:40:23 |[34;20m INFO     [0m|[34;20m nipype.workflow  [0m|[34;20m [Node] Executing "pick_echo" <mriqc.interfaces.functional.SelectEcho>[0m
2026-03-26 22:40:23 |[34;20m INFO     [0m|[34;20m nipype.workflow  [0m|[34;20m [Node] Finished "pick_echo", elapsed time 0.000679s.[0m
2026-03-26 22:40:24 |[34;20m INFO     [0m|[34;20m nipype.workflow  [0m|[34;20m [Node] Finished "_provenance0", elapsed time 0.195828s.[0m
2026-03-26 22:40:25 |[34;20m INFO     [0m|[34;20m nipype.workflow  [0m|[34;20m [Node] Setting-up "mriqc_wf.funcMRIQC.non_steady_state_detector" in "/local/nvme/ds005699_004.783803/ds/tmp/mriqc_wf/funcMRIQC/f780a98f628bcb9dab0291998ae1ae4fc6bfae16/non_steady_state_detector".[0m
2026-03-26 22:40:25 |[34;20m INFO     [0m|[34;20m nipype.workflow  [0m|[34;20m [Node] Executing "non_steady_state_detector" <nipype.algorithms.confounds.NonSteadyStateDetector>[0m
2026-03-26 22:40:26 |[34;20m INFO     [0m|[34;20m nipype.workflow  [0m|[34;20m [Node] Finished "non_steady_state_detector", elapsed time 0.788154s.[0m
2026-03-26 22:40:27 |[34;20m INFO     [0m|[34;20m nipype.workflow  [0m|[34;20m [Node] Setting-up "_sanitize0" in "/local/nvme/ds005699_004.783803/ds/tmp/mriqc_wf/funcMRIQC/f780a98f628bcb9dab0291998ae1ae4fc6bfae16/sanitize/mapflow/_sanitize0".[0m
2026-03-26 22:40:27 |[34;20m INFO     [0m|[34;20m nipype.workflow  [0m|[34;20m [Node] Executing "_sanitize0" <niworkflows.interfaces.header.SanitizeImage>[0m
2026-03-26 22:40:31 |[34;20m INFO     [0m|[34;20m nipype.workflow  [0m|[34;20m [Node] Finished "_sanitize0", elapsed time 4.195085s.[0m
2026-03-26 22:40:33 |[34;20m INFO     [0m|[34;20m nipype.workflow  [0m|[34;20m [Node] Setting-up "mriqc_wf.funcMRIQC.fMRI_HMC.estimate_hm" in "/local/nvme/ds005699_004.783803/ds/tmp/mriqc_wf/funcMRIQC/fMRI_HMC/f780a98f628bcb9dab0291998ae1ae4fc6bfae16/estimate_hm".[0m
2026-03-26 22:40:33 |[34;20m INFO     [0m|[34;20m nipype.workflow  [0m|[34;20m [Node] Executing "estimate_hm" <nipype.interfaces.afni.preprocess.Volreg>[0m
2026-03-26 22:40:33 |[34;20m INFO     [0m|[34;20m nipype.workflow  [0m|[34;20m [Node] Setting-up "_SpikesMask0" in "/local/nvme/ds005699_004.783803/ds/tmp/mriqc_wf/funcMRIQC/func_report_wf/f780a98f628bcb9dab0291998ae1ae4fc6bfae16/SpikesMask/mapflow/_SpikesMask0".[0m
2026-03-26 22:40:33 |[34;20m INFO     [0m|[34;20m nipype.workflow  [0m|[34;20m [Node] Executing "_SpikesMask0" <nipype.interfaces.utility.wrappers.Function>[0m
2026-03-26 22:40:36 |[34;20m INFO     [0m|[34;20m nipype.workflow  [0m|[34;20m [Node] Finished "_SpikesMask0", elapsed time 2.465891s.[0m
2026-03-26 22:40:37 |[34;20m INFO     [0m|[34;20m nipype.workflow  [0m|[34;20m [Node] Setting-up "_SpikesFinderBgMask0" in "/local/nvme/ds005699_004.783803/ds/tmp/mriqc_wf/funcMRIQC/func_report_wf/f780a98f628bcb9dab0291998ae1ae4fc6bfae16/SpikesFinderBgMask/mapflow/_SpikesFinderBgMask0".[0m
2026-03-26 22:40:37 |[34;20m INFO     [0m|[34;20m nipype.workflow  [0m|[34;20m [Node] Executing "_SpikesFinderBgMask0" <mriqc.interfaces.functional.Spikes>[0m
2026-03-26 22:40:39 |[34;20m INFO     [0m|[34;20m nipype.workflow  [0m|[34;20m [Node] Finished "_SpikesFinderBgMask0", elapsed time 2.018081s.[0m
2026-03-26 22:46:05 |[34;20m INFO     [0m|[34;20m nipype.workflow  [0m|[34;20m [Node] Finished "estimate_hm", elapsed time 331.438658s.[0m
2026-03-26 22:46:05 |[34;20m INFO     [0m|[34;20m nipype.workflow  [0m|[34;20m [Node] Setting-up "_apply_hmc0" in "/local/nvme/ds005699_004.783803/ds/tmp/mriqc_wf/funcMRIQC/fMRI_HMC/f780a98f628bcb9dab0291998ae1ae4fc6bfae16/apply_hmc/mapflow/_apply_hmc0".[0m
2026-03-26 22:46:05 |[34;20m INFO     [0m|[34;20m nipype.workflow  [0m|[34;20m [Node] Executing "_apply_hmc0" <nipype.interfaces.utility.wrappers.Function>[0m
2026-03-26 22:46:19 |[34;20m INFO     [0m|[34;20m nipype.workflow  [0m|[34;20m [Node] Finished "_apply_hmc0", elapsed time 14.025287s.[0m
2026-03-26 22:46:21 |[34;20m INFO     [0m|[34;20m nipype.workflow  [0m|[34;20m [Node] Setting-up "mriqc_wf.funcMRIQC.fMRI_HMC.ComputeFD" in "/local/nvme/ds005699_004.783803/ds/tmp/mriqc_wf/funcMRIQC/fMRI_HMC/f780a98f628bcb9dab0291998ae1ae4fc6bfae16/ComputeFD".[0m
2026-03-26 22:46:21 |[34;20m INFO     [0m|[34;20m nipype.workflow  [0m|[34;20m [Node] Executing "ComputeFD" <nipype.algorithms.confounds.FramewiseDisplacement>[0m
2026-03-26 22:46:21 |[34;20m INFO     [0m|[34;20m nipype.workflow  [0m|[34;20m [Node] Setting-up "_mean0" in "/local/nvme/ds005699_004.783803/ds/tmp/mriqc_wf/funcMRIQC/f780a98f628bcb9dab0291998ae1ae4fc6bfae16/mean/mapflow/_mean0".[0m
2026-03-26 22:46:21 |[34;20m INFO     [0m|[34;20m nipype.workflow  [0m|[34;20m [Node] Executing "_mean0" <nipype.interfaces.afni.utils.TStat>[0m
2026-03-26 22:46:21 |[34;20m INFO     [0m|[34;20m nipype.workflow  [0m|[34;20m [Node] Setting-up "_compute_tsnr0" in "/local/nvme/ds005699_004.783803/ds/tmp/mriqc_wf/funcMRIQC/f780a98f628bcb9dab0291998ae1ae4fc6bfae16/compute_tsnr/mapflow/_compute_tsnr0".[0m
2026-03-26 22:46:21 |[34;20m INFO     [0m|[34;20m nipype.workflow  [0m|[34;20m [Node] Setting-up "_quality0" in "/local/nvme/ds005699_004.783803/ds/tmp/mriqc_wf/funcMRIQC/ComputeIQMs/f780a98f628bcb9dab0291998ae1ae4fc6bfae16/quality/mapflow/_quality0".[0m
2026-03-26 22:46:21 |[34;20m INFO     [0m|[34;20m nipype.workflow  [0m|[34;20m [Node] Executing "_compute_tsnr0" <nipype.algorithms.confounds.TSNR>[0m
2026-03-26 22:46:21 |[34;20m INFO     [0m|[34;20m nipype.workflow  [0m|[34;20m [Node] Executing "_quality0" <nipype.interfaces.afni.preprocess.QualityIndex>[0m
2026-03-26 22:46:21 |[34;20m INFO     [0m|[34;20m nipype.workflow  [0m|[34;20m [Node] Finished "ComputeFD", elapsed time 0.003629s.[0m
2026-03-26 22:46:23 |[34;20m INFO     [0m|[34;20m nipype.workflow  [0m|[34;20m [Node] Finished "_compute_tsnr0", elapsed time 1.642463s.[0m
2026-03-26 22:46:23 |[34;20m INFO     [0m|[34;20m nipype.workflow  [0m|[34;20m [Node] Setting-up "_PlotMosaicSD0" in "/local/nvme/ds005699_004.783803/ds/tmp/mriqc_wf/funcMRIQC/func_report_wf/f780a98f628bcb9dab0291998ae1ae4fc6bfae16/PlotMosaicSD/mapflow/_PlotMosaicSD0".[0m
2026-03-26 22:46:23 |[34;20m INFO     [0m|[34;20m nipype.workflow  [0m|[34;20m [Node] Executing "_PlotMosaicSD0" <nireports.interfaces.mosaic.PlotMosaic>[0m
2026-03-26 22:46:24 |[34;20m INFO     [0m|[34;20m nipype.workflow  [0m|[34;20m [Node] Finished "_mean0", elapsed time 2.362535s.[0m
2026-03-26 22:46:25 |[34;20m INFO     [0m|[34;20m nipype.workflow  [0m|[34;20m [Node] Finished "_PlotMosaicSD0", elapsed time 1.44714s.[0m
2026-03-26 22:46:25 |[34;20m INFO     [0m|[34;20m nipype.workflow  [0m|[34;20m [Node] Setting-up "mriqc_wf.funcMRIQC.synthstrip_wf.pre_clip" in "/local/nvme/ds005699_004.783803/ds/tmp/mriqc_wf/funcMRIQC/synthstrip_wf/f780a98f628bcb9dab0291998ae1ae4fc6bfae16/pre_clip".[0m
2026-03-26 22:46:25 |[34;20m INFO     [0m|[34;20m nipype.workflow  [0m|[34;20m [Node] Setting-up "mriqc_wf.funcMRIQC.SpatialNormalization.SharpenEPI" in "/local/nvme/ds005699_004.783803/ds/tmp/mriqc_wf/funcMRIQC/SpatialNormalization/f780a98f628bcb9dab0291998ae1ae4fc6bfae16/SharpenEPI".[0m
2026-03-26 22:46:25 |[34;20m INFO     [0m|[34;20m nipype.workflow  [0m|[34;20m [Node] Executing "pre_clip" <niworkflows.interfaces.nibabel.IntensityClip>[0m
2026-03-26 22:46:25 |[34;20m INFO     [0m|[34;20m nipype.workflow  [0m|[34;20m [Node] Executing "SharpenEPI" <nipype.interfaces.ants.segmentation.N4BiasFieldCorrection>[0m
2026-03-26 22:46:25 |[34;20m INFO     [0m|[34;20m nipype.workflow  [0m|[34;20m [Node] Setting-up "_PlotMosaicMean0" in "/local/nvme/ds005699_004.783803/ds/tmp/mriqc_wf/funcMRIQC/func_report_wf/f780a98f628bcb9dab0291998ae1ae4fc6bfae16/PlotMosaicMean/mapflow/_PlotMosaicMean0".[0m
2026-03-26 22:46:25 |[34;20m INFO     [0m|[34;20m nipype.workflow  [0m|[34;20m [Node] Executing "_PlotMosaicMean0" <nireports.interfaces.mosaic.PlotMosaic>[0m
2026-03-26 22:46:25 |[34;20m INFO     [0m|[34;20m nipype.workflow  [0m|[34;20m [Node] Setting-up "_PlotMosaicNoise0" in "/local/nvme/ds005699_004.783803/ds/tmp/mriqc_wf/funcMRIQC/func_report_wf/f780a98f628bcb9dab0291998ae1ae4fc6bfae16/PlotMosaicNoise/mapflow/_PlotMosaicNoise0".[0m
2026-03-26 22:46:25 |[34;20m INFO     [0m|[34;20m nipype.workflow  [0m|[34;20m [Node] Executing "_PlotMosaicNoise0" <nireports.interfaces.mosaic.PlotMosaic>[0m
2026-03-26 22:46:25 |[34;20m INFO     [0m|[34;20m nipype.workflow  [0m|[34;20m [Node] Setting-up "_ds_report_stdev0" in "/local/nvme/ds005699_004.783803/ds/tmp/mriqc_wf/funcMRIQC/func_report_wf/f780a98f628bcb9dab0291998ae1ae4fc6bfae16/ds_report_stdev/mapflow/_ds_report_stdev0".[0m
2026-03-26 22:46:25 |[34;20m INFO     [0m|[34;20m nipype.workflow  [0m|[34;20m [Node] Executing "_ds_report_stdev0" <mriqc.interfaces.DerivativesDataSink>[0m
2026-03-26 22:46:25 |[34;20m INFO     [0m|[34;20m nipype.workflow  [0m|[34;20m [Node] Finished "_ds_report_stdev0", elapsed time 0.007817s.[0m
2026-03-26 22:46:26 |[34;20m INFO     [0m|[34;20m nipype.workflow  [0m|[34;20m [Node] Finished "_quality0", elapsed time 4.246961s.[0m
2026-03-26 22:46:27 |[34;20m INFO     [0m|[34;20m nipype.workflow  [0m|[34;20m [Node] Finished "pre_clip", elapsed time 1.37155s.[0m
2026-03-26 22:46:27 |[34;20m INFO     [0m|[34;20m nipype.workflow  [0m|[34;20m [Node] Finished "_PlotMosaicMean0", elapsed time 1.5823779999999998s.[0m
2026-03-26 22:46:27 |[34;20m INFO     [0m|[34;20m nipype.workflow  [0m|[34;20m [Node] Finished "_PlotMosaicNoise0", elapsed time 1.6737769999999998s.[0m
2026-03-26 22:46:27 |[34;20m INFO     [0m|[34;20m nipype.workflow  [0m|[34;20m [Node] Setting-up "_ds_report_mean0" in "/local/nvme/ds005699_004.783803/ds/tmp/mriqc_wf/funcMRIQC/func_report_wf/f780a98f628bcb9dab0291998ae1ae4fc6bfae16/ds_report_mean/mapflow/_ds_report_mean0".[0m
2026-03-26 22:46:27 |[34;20m INFO     [0m|[34;20m nipype.workflow  [0m|[34;20m [Node] Executing "_ds_report_mean0" <mriqc.interfaces.DerivativesDataSink>[0m
2026-03-26 22:46:27 |[34;20m INFO     [0m|[34;20m nipype.workflow  [0m|[34;20m [Node] Finished "_ds_report_mean0", elapsed time 0.004789s.[0m
2026-03-26 22:46:27 |[34;20m INFO     [0m|[34;20m nipype.workflow  [0m|[34;20m [Node] Setting-up "_ds_report_background0" in "/local/nvme/ds005699_004.783803/ds/tmp/mriqc_wf/funcMRIQC/func_report_wf/f780a98f628bcb9dab0291998ae1ae4fc6bfae16/ds_report_background/mapflow/_ds_report_background0".[0m
2026-03-26 22:46:27 |[34;20m INFO     [0m|[34;20m nipype.workflow  [0m|[34;20m [Node] Executing "_ds_report_background0" <mriqc.interfaces.DerivativesDataSink>[0m
2026-03-26 22:46:27 |[34;20m INFO     [0m|[34;20m nipype.workflow  [0m|[34;20m [Node] Finished "_ds_report_background0", elapsed time 0.004705s.[0m
2026-03-26 22:46:34 |[34;20m INFO     [0m|[34;20m nipype.workflow  [0m|[34;20m [Node] Finished "SharpenEPI", elapsed time 8.376757s.[0m
2026-03-26 22:46:35 |[34;20m INFO     [0m|[34;20m nipype.workflow  [0m|[34;20m [Node] Setting-up "mriqc_wf.funcMRIQC.synthstrip_wf.pre_n4" in "/local/nvme/ds005699_004.783803/ds/tmp/mriqc_wf/funcMRIQC/synthstrip_wf/f780a98f628bcb9dab0291998ae1ae4fc6bfae16/pre_n4".[0m
2026-03-26 22:46:35 |[34;20m INFO     [0m|[34;20m nipype.workflow  [0m|[34;20m [Node] Executing "pre_n4" <nipype.interfaces.ants.segmentation.N4BiasFieldCorrection>[0m
2026-03-26 22:46:37 |[34;20m INFO     [0m|[34;20m nipype.workflow  [0m|[34;20m [Node] Finished "pre_n4", elapsed time 1.712302s.[0m
2026-03-26 22:46:39 |[34;20m INFO     [0m|[34;20m nipype.workflow  [0m|[34;20m [Node] Setting-up "mriqc_wf.funcMRIQC.synthstrip_wf.synthstrip" in "/local/nvme/ds005699_004.783803/ds/tmp/mriqc_wf/funcMRIQC/synthstrip_wf/f780a98f628bcb9dab0291998ae1ae4fc6bfae16/synthstrip".[0m
2026-03-26 22:46:39 |[34;20m INFO     [0m|[34;20m nipype.workflow  [0m|[34;20m [Node] Executing "synthstrip" <mriqc.interfaces.synthstrip.SynthStrip>[0m
2026-03-26 22:46:57 |[34;20m INFO     [0m|[34;20m nipype.workflow  [0m|[34;20m [Node] Finished "synthstrip", elapsed time 17.922042s.[0m
2026-03-26 22:46:59 |[34;20m INFO     [0m|[34;20m nipype.workflow  [0m|[34;20m [Node] Setting-up "mriqc_wf.funcMRIQC.synthstrip_wf.post_n4" in "/local/nvme/ds005699_004.783803/ds/tmp/mriqc_wf/funcMRIQC/synthstrip_wf/f780a98f628bcb9dab0291998ae1ae4fc6bfae16/post_n4".[0m
2026-03-26 22:46:59 |[34;20m INFO     [0m|[34;20m nipype.workflow  [0m|[34;20m [Node] Executing "post_n4" <nipype.interfaces.ants.segmentation.N4BiasFieldCorrection>[0m
2026-03-26 22:47:01 |[34;20m INFO     [0m|[34;20m nipype.workflow  [0m|[34;20m [Node] Finished "post_n4", elapsed time 1.14501s.[0m
2026-03-26 22:47:01 |[34;20m INFO     [0m|[34;20m nipype.workflow  [0m|[34;20m [Node] Setting-up "mriqc_wf.funcMRIQC.SpatialNormalization.EPI2MNI" in "/local/nvme/ds005699_004.783803/ds/tmp/mriqc_wf/funcMRIQC/SpatialNormalization/f780a98f628bcb9dab0291998ae1ae4fc6bfae16/EPI2MNI".[0m
2026-03-26 22:47:01 |[34;20m INFO     [0m|[34;20m nipype.workflow  [0m|[34;20m [Node] Executing "EPI2MNI" <niworkflows.interfaces.reportlets.registration.SpatialNormalizationRPT>[0m
2026-03-26 22:47:01 |[34;20m INFO     [0m|[34;20m niworkflows      [0m|[34;20m Estimating initial transform using AffineInitializer[0m
2026-03-26 22:47:08 |[34;20m INFO     [0m|[34;20m niworkflows      [0m|[34;20m Terminal outputs of initialization saved (/local/nvme/ds005699_004.783803/ds/tmp/mriqc_wf/funcMRIQC/SpatialNormalization/f780a98f628bcb9dab0291998ae1ae4fc6bfae16/EPI2MNI/stderr.nipype-init).[0m
2026-03-26 22:47:08 |[34;20m INFO     [0m|[34;20m niworkflows      [0m|[34;20m Loading settings from file /opt/conda/lib/python3.11/site-packages/niworkflows/data/boldref-mni_registration_precise_000.json.[0m
2026-03-26 22:47:08 |[34;20m INFO     [0m|[34;20m niworkflows      [0m|[34;20m Retry #1, commandline: 
antsRegistration --collapse-output-transforms 1 --dimensionality 3 --float 0 --initial-moving-transform [ /local/nvme/ds005699_004.783803/ds/tmp/mriqc_wf/funcMRIQC/SpatialNormalization/f780a98f628bcb9dab0291998ae1ae4fc6bfae16/EPI2MNI/transform.mat, 0 ] --initialize-transforms-per-stage 0 --interpolation LanczosWindowedSinc --output [ epi_to_mni, epi_to_mni_Warped.nii.gz ] --transform Rigid[ 0.05 ] --metric Mattes[ /templateflow/tpl-MNI152NLin2009cAsym/tpl-MNI152NLin2009cAsym_res-02_desc-fMRIPrep_boldref.nii.gz, /local/nvme/ds005699_004.783803/ds/tmp/mriqc_wf/funcMRIQC/SpatialNormalization/f780a98f628bcb9dab0291998ae1ae4fc6bfae16/SharpenEPI/sub-004_task-restingstate_bold_desc-realigned_valid_tstat_corrected.nii.gz, 1, 56, Regular, 0.25 ] --convergence [ 10000x1000x100, 1e-06, 20 ] --smoothing-sigmas 4.0x2.0x1.0vox --shrink-factors 4x2x1 --use-histogram-matching 1 --masks [ /templateflow/tpl-MNI152NLin2009cAsym/tpl-MNI152NLin2009cAsym_res-02_desc-brain_mask.nii.gz, /local/nvme/ds005699_004.783803/ds/tmp/mriqc_wf/funcMRIQC/synthstrip_wf/f780a98f628bcb9dab0291998ae1ae4fc6bfae16/synthstrip/clipped_corrected_desc-brain_mask.nii.gz ] --transform Affine[ 0.08 ] --metric Mattes[ /templateflow/tpl-MNI152NLin2009cAsym/tpl-MNI152NLin2009cAsym_res-02_desc-fMRIPrep_boldref.nii.gz, /local/nvme/ds005699_004.783803/ds/tmp/mriqc_wf/funcMRIQC/SpatialNormalization/f780a98f628bcb9dab0291998ae1ae4fc6bfae16/SharpenEPI/sub-004_task-restingstate_bold_desc-realigned_valid_tstat_corrected.nii.gz, 1, 56, Regular, 0.25 ] --convergence [ 500x250x100, 1e-06, 20 ] --smoothing-sigmas 4.0x2.0x1.0vox --shrink-factors 8x4x2 --use-histogram-matching 1 --masks [ /templateflow/tpl-MNI152NLin2009cAsym/tpl-MNI152NLin2009cAsym_res-02_desc-brain_mask.nii.gz, /local/nvme/ds005699_004.783803/ds/tmp/mriqc_wf/funcMRIQC/synthstrip_wf/f780a98f628bcb9dab0291998ae1ae4fc6bfae16/synthstrip/clipped_corrected_desc-brain_mask.nii.gz ] --transform SyN[ 0.1, 3.0, 0.0 ] --metric CC[ /templateflow/tpl-MNI152NLin2009cAsym/tpl-MNI152NLin2009cAsym_res-02_desc-fMRIPrep_boldref.nii.gz, /local/nvme/ds005699_004.783803/ds/tmp/mriqc_wf/funcMRIQC/SpatialNormalization/f780a98f628bcb9dab0291998ae1ae4fc6bfae16/SharpenEPI/sub-004_task-restingstate_bold_desc-realigned_valid_tstat_corrected.nii.gz, 1, 4, None, 1 ] --convergence [ 100x30x20, 1e-06, 10 ] --smoothing-sigmas 3.0x2.0x1.0vox --shrink-factors 8x4x2 --use-histogram-matching 1 --masks [ /templateflow/tpl-MNI152NLin2009cAsym/tpl-MNI152NLin2009cAsym_res-02_desc-brain_mask.nii.gz, /local/nvme/ds005699_004.783803/ds/tmp/mriqc_wf/funcMRIQC/synthstrip_wf/f780a98f628bcb9dab0291998ae1ae4fc6bfae16/synthstrip/clipped_corrected_desc-brain_mask.nii.gz ] --winsorize-image-intensities [ 0.005, 0.995 ]  --write-composite-transform 1[0m
2026-03-26 22:47:19 |[34;20m INFO     [0m|[34;20m niworkflows      [0m|[34;20m Successful spatial normalization (retry #1).[0m
2026-03-26 22:47:19 |[34;20m INFO     [0m|[34;20m niworkflows      [0m|[34;20m Report - setting fixed (/templateflow/tpl-MNI152NLin2009cAsym/tpl-MNI152NLin2009cAsym_res-02_desc-fMRIPrep_boldref.nii.gz) and moving (/local/nvme/ds005699_004.783803/ds/tmp/mriqc_wf/funcMRIQC/SpatialNormalization/f780a98f628bcb9dab0291998ae1ae4fc6bfae16/EPI2MNI/epi_to_mni_Warped.nii.gz) images[0m
2026-03-26 22:47:19 |[34;20m INFO     [0m|[34;20m niworkflows      [0m|[34;20m Generating visual report[0m
2026-03-26 22:47:34 |[34;20m INFO     [0m|[34;20m nipype.workflow  [0m|[34;20m [Node] Finished "EPI2MNI", elapsed time 33.087787s.[0m
2026-03-26 22:47:35 |[34;20m INFO     [0m|[34;20m nipype.workflow  [0m|[34;20m [Node] Setting-up "mriqc_wf.funcMRIQC.func_report_wf.dilated_mask" in "/local/nvme/ds005699_004.783803/ds/tmp/mriqc_wf/funcMRIQC/func_report_wf/f780a98f628bcb9dab0291998ae1ae4fc6bfae16/dilated_mask".[0m
2026-03-26 22:47:35 |[34;20m INFO     [0m|[34;20m nipype.workflow  [0m|[34;20m [Node] Setting-up "mriqc_wf.funcMRIQC.func_report_wf.PlotBrainmask" in "/local/nvme/ds005699_004.783803/ds/tmp/mriqc_wf/funcMRIQC/func_report_wf/f780a98f628bcb9dab0291998ae1ae4fc6bfae16/PlotBrainmask".[0m
2026-03-26 22:47:35 |[34;20m INFO     [0m|[34;20m nipype.workflow  [0m|[34;20m [Node] Setting-up "mriqc_wf.funcMRIQC.synthstrip_wf.final_masked" in "/local/nvme/ds005699_004.783803/ds/tmp/mriqc_wf/funcMRIQC/synthstrip_wf/f780a98f628bcb9dab0291998ae1ae4fc6bfae16/final_masked".[0m
2026-03-26 22:47:35 |[34;20m INFO     [0m|[34;20m nipype.workflow  [0m|[34;20m [Node] Executing "dilated_mask" <niworkflows.interfaces.morphology.BinaryDilation>[0m
2026-03-26 22:47:35 |[34;20m INFO     [0m|[34;20m nipype.workflow  [0m|[34;20m [Node] Setting-up "_ComputeDVARS0" in "/local/nvme/ds005699_004.783803/ds/tmp/mriqc_wf/funcMRIQC/ComputeIQMs/f780a98f628bcb9dab0291998ae1ae4fc6bfae16/ComputeDVARS/mapflow/_ComputeDVARS0".[0m
2026-03-26 22:47:35 |[34;20m INFO     [0m|[34;20m nipype.workflow  [0m|[34;20m [Node] Setting-up "_outliers0" in "/local/nvme/ds005699_004.783803/ds/tmp/mriqc_wf/funcMRIQC/ComputeIQMs/f780a98f628bcb9dab0291998ae1ae4fc6bfae16/outliers/mapflow/_outliers0".[0m
2026-03-26 22:47:35 |[34;20m INFO     [0m|[34;20m nipype.workflow  [0m|[34;20m [Node] Setting-up "_smoothness0" in "/local/nvme/ds005699_004.783803/ds/tmp/mriqc_wf/funcMRIQC/ComputeIQMs/f780a98f628bcb9dab0291998ae1ae4fc6bfae16/smoothness/mapflow/_smoothness0".[0m
2026-03-26 22:47:35 |[34;20m INFO     [0m|[34;20m nipype.workflow  [0m|[34;20m [Node] Setting-up "_gcor0" in "/local/nvme/ds005699_004.783803/ds/tmp/mriqc_wf/funcMRIQC/ComputeIQMs/f780a98f628bcb9dab0291998ae1ae4fc6bfae16/gcor/mapflow/_gcor0".[0m
2026-03-26 22:47:35 |[34;20m INFO     [0m|[34;20m nipype.workflow  [0m|[34;20m [Node] Executing "PlotBrainmask" <nireports.interfaces.mosaic.PlotContours>[0m
2026-03-26 22:47:35 |[34;20m INFO     [0m|[34;20m nipype.workflow  [0m|[34;20m [Node] Executing "final_masked" <niworkflows.interfaces.nibabel.ApplyMask>[0m
2026-03-26 22:47:35 |[34;20m INFO     [0m|[34;20m nipype.workflow  [0m|[34;20m [Node] Setting-up "_PlotMosaicZoomed0" in "/local/nvme/ds005699_004.783803/ds/tmp/mriqc_wf/funcMRIQC/func_report_wf/f780a98f628bcb9dab0291998ae1ae4fc6bfae16/PlotMosaicZoomed/mapflow/_PlotMosaicZoomed0".[0m
2026-03-26 22:47:35 |[34;20m INFO     [0m|[34;20m nipype.workflow  [0m|[34;20m [Node] Executing "_ComputeDVARS0" <nipype.algorithms.confounds.ComputeDVARS>[0m
2026-03-26 22:47:35 |[34;20m INFO     [0m|[34;20m nipype.workflow  [0m|[34;20m [Node] Executing "_outliers0" <nipype.interfaces.afni.preprocess.OutlierCount>[0m
2026-03-26 22:47:35 |[34;20m INFO     [0m|[34;20m nipype.workflow  [0m|[34;20m [Node] Executing "_smoothness0" <nipype.interfaces.afni.utils.FWHMx>[0m
2026-03-26 22:47:35 |[34;20m INFO     [0m|[34;20m nipype.workflow  [0m|[34;20m [Node] Executing "_gcor0" <mriqc.interfaces.transitional.GCOR>[0m
2026-03-26 22:47:35 |[34;20m INFO     [0m|[34;20m nipype.workflow  [0m|[34;20m [Node] Executing "_PlotMosaicZoomed0" <nireports.interfaces.mosaic.PlotMosaic>[0m
2026-03-26 22:47:35 |[34;20m INFO     [0m|[34;20m nipype.workflow  [0m|[34;20m [Node] Finished "final_masked", elapsed time 0.043478s.[0m
2026-03-26 22:47:35 |[34;20m INFO     [0m|[34;20m nipype.workflow  [0m|[34;20m [Node] Finished "dilated_mask", elapsed time 0.06109s.[0m
2026-03-26 22:47:36 |[34;20m INFO     [0m|[34;20m nipype.workflow  [0m|[34;20m [Node] Finished "_smoothness0", elapsed time 0.651373s.[0m
2026-03-26 22:47:37 |[34;20m INFO     [0m|[34;20m nipype.workflow  [0m|[34;20m [Node] Finished "_PlotMosaicZoomed0", elapsed time 1.34489s.[0m
2026-03-26 22:47:37 |[34;20m INFO     [0m|[34;20m nipype.workflow  [0m|[34;20m [Node] Finished "PlotBrainmask", elapsed time 1.353066s.[0m
2026-03-26 22:47:37 |[34;20m INFO     [0m|[34;20m nipype.workflow  [0m|[34;20m [Node] Setting-up "mriqc_wf.funcMRIQC.func_report_wf.ds_report_norm" in "/local/nvme/ds005699_004.783803/ds/tmp/mriqc_wf/funcMRIQC/func_report_wf/f780a98f628bcb9dab0291998ae1ae4fc6bfae16/ds_report_norm".[0m
2026-03-26 22:47:37 |[34;20m INFO     [0m|[34;20m nipype.workflow  [0m|[34;20m [Node] Setting-up "mriqc_wf.funcMRIQC.SpatialNormalization.ResampleSegmentation" in "/local/nvme/ds005699_004.783803/ds/tmp/mriqc_wf/funcMRIQC/SpatialNormalization/f780a98f628bcb9dab0291998ae1ae4fc6bfae16/ResampleSegmentation".[0m
2026-03-26 22:47:37 |[34;20m INFO     [0m|[34;20m nipype.workflow  [0m|[34;20m [Node] Executing "ds_report_norm" <mriqc.interfaces.DerivativesDataSink>[0m
2026-03-26 22:47:37 |[34;20m INFO     [0m|[34;20m nipype.workflow  [0m|[34;20m [Node] Executing "ResampleSegmentation" <nipype.interfaces.ants.resampling.ApplyTransforms>[0m
2026-03-26 22:47:37 |[34;20m INFO     [0m|[34;20m nipype.workflow  [0m|[34;20m [Node] Finished "ds_report_norm", elapsed time 0.004909s.[0m
2026-03-26 22:47:37 |[34;20m INFO     [0m|[34;20m nipype.workflow  [0m|[34;20m [Node] Setting-up "mriqc_wf.funcMRIQC.func_report_wf.subtract_mask" in "/local/nvme/ds005699_004.783803/ds/tmp/mriqc_wf/funcMRIQC/func_report_wf/f780a98f628bcb9dab0291998ae1ae4fc6bfae16/subtract_mask".[0m
2026-03-26 22:47:37 |[34;20m INFO     [0m|[34;20m nipype.workflow  [0m|[34;20m [Node] Executing "subtract_mask" <niworkflows.interfaces.morphology.BinarySubtraction>[0m
2026-03-26 22:47:37 |[34;20m INFO     [0m|[34;20m nipype.workflow  [0m|[34;20m [Node] Setting-up "_ds_report_zoomed0" in "/local/nvme/ds005699_004.783803/ds/tmp/mriqc_wf/funcMRIQC/func_report_wf/f780a98f628bcb9dab0291998ae1ae4fc6bfae16/ds_report_zoomed/mapflow/_ds_report_zoomed0".[0m
2026-03-26 22:47:37 |[34;20m INFO     [0m|[34;20m nipype.workflow  [0m|[34;20m [Node] Executing "_ds_report_zoomed0" <mriqc.interfaces.DerivativesDataSink>[0m
2026-03-26 22:47:37 |[34;20m INFO     [0m|[34;20m nipype.workflow  [0m|[34;20m [Node] Finished "_ds_report_zoomed0", elapsed time 0.004651s.[0m
2026-03-26 22:47:37 |[34;20m INFO     [0m|[34;20m nipype.workflow  [0m|[34;20m [Node] Finished "subtract_mask", elapsed time 0.02011s.[0m
2026-03-26 22:47:38 |[34;20m INFO     [0m|[34;20m nipype.workflow  [0m|[34;20m [Node] Setting-up "mriqc_wf.funcMRIQC.func_report_wf.ds_report_bmask" in "/local/nvme/ds005699_004.783803/ds/tmp/mriqc_wf/funcMRIQC/func_report_wf/f780a98f628bcb9dab0291998ae1ae4fc6bfae16/ds_report_bmask".[0m
2026-03-26 22:47:38 |[34;20m INFO     [0m|[34;20m nipype.workflow  [0m|[34;20m [Node] Executing "ds_report_bmask" <mriqc.interfaces.DerivativesDataSink>[0m
2026-03-26 22:47:38 |[34;20m INFO     [0m|[34;20m nipype.workflow  [0m|[34;20m [Node] Finished "ds_report_bmask", elapsed time 0.004788s.[0m
2026-03-26 22:47:38 |[34;20m INFO     [0m|[34;20m nipype.workflow  [0m|[34;20m [Node] Finished "_outliers0", elapsed time 2.275382s.[0m
2026-03-26 22:47:40 |[34;20m INFO     [0m|[34;20m nipype.workflow  [0m|[34;20m [Node] Finished "ResampleSegmentation", elapsed time 2.986157s.[0m
2026-03-26 22:47:40 |[34;20m INFO     [0m|[34;20m nipype.workflow  [0m|[34;20m [Node] Finished "_gcor0", elapsed time 4.987802s.[0m
2026-03-26 22:47:41 |[34;20m INFO     [0m|[34;20m nipype.workflow  [0m|[34;20m [Node] Setting-up "mriqc_wf.funcMRIQC.func_report_wf.parcels" in "/local/nvme/ds005699_004.783803/ds/tmp/mriqc_wf/funcMRIQC/func_report_wf/f780a98f628bcb9dab0291998ae1ae4fc6bfae16/parcels".[0m
2026-03-26 22:47:41 |[34;20m INFO     [0m|[34;20m nipype.workflow  [0m|[34;20m [Node] Executing "parcels" <nipype.interfaces.utility.wrappers.Function>[0m
2026-03-26 22:47:41 |[34;20m INFO     [0m|[34;20m nipype.workflow  [0m|[34;20m [Node] Finished "parcels", elapsed time 0.048572s.[0m
2026-03-26 22:47:50 |[34;20m INFO     [0m|[34;20m nipype.workflow  [0m|[34;20m [Node] Finished "_ComputeDVARS0", elapsed time 14.412934s.[0m
2026-03-26 22:47:51 |[34;20m INFO     [0m|[34;20m nipype.workflow  [0m|[34;20m [Node] Setting-up "_measures0" in "/local/nvme/ds005699_004.783803/ds/tmp/mriqc_wf/funcMRIQC/ComputeIQMs/f780a98f628bcb9dab0291998ae1ae4fc6bfae16/measures/mapflow/_measures0".[0m
2026-03-26 22:47:51 |[34;20m INFO     [0m|[34;20m nipype.workflow  [0m|[34;20m [Node] Setting-up "_timeseries0" in "/local/nvme/ds005699_004.783803/ds/tmp/mriqc_wf/funcMRIQC/ComputeIQMs/f780a98f628bcb9dab0291998ae1ae4fc6bfae16/timeseries/mapflow/_timeseries0".[0m
2026-03-26 22:47:51 |[34;20m INFO     [0m|[34;20m nipype.workflow  [0m|[34;20m [Node] Executing "_measures0" <mriqc.interfaces.functional.FunctionalQC>[0m
2026-03-26 22:47:51 |[34;20m INFO     [0m|[34;20m nipype.workflow  [0m|[34;20m [Node] Executing "_timeseries0" <mriqc.interfaces.functional.GatherTimeseries>[0m
2026-03-26 22:47:51 |[34;20m INFO     [0m|[34;20m nipype.workflow  [0m|[34;20m [Node] Setting-up "_BigPlot0" in "/local/nvme/ds005699_004.783803/ds/tmp/mriqc_wf/funcMRIQC/func_report_wf/f780a98f628bcb9dab0291998ae1ae4fc6bfae16/BigPlot/mapflow/_BigPlot0".[0m
2026-03-26 22:47:51 |[34;20m INFO     [0m|[34;20m nipype.workflow  [0m|[34;20m [Node] Executing "_BigPlot0" <nireports.interfaces.fmri.FMRISummary>[0m
2026-03-26 22:47:51 |[34;20m INFO     [0m|[34;20m nipype.workflow  [0m|[34;20m [Node] Finished "_timeseries0", elapsed time 0.015993s.[0m
2026-03-26 22:47:53 |[34;20m INFO     [0m|[34;20m nipype.workflow  [0m|[34;20m [Node] Finished "_measures0", elapsed time 1.813232s.[0m
2026-03-26 22:47:53 |[34;20m INFO     [0m|[34;20m nipype.workflow  [0m|[34;20m [Node] Setting-up "_datasink0" in "/local/nvme/ds005699_004.783803/ds/tmp/mriqc_wf/funcMRIQC/ComputeIQMs/f780a98f628bcb9dab0291998ae1ae4fc6bfae16/datasink/mapflow/_datasink0".[0m
2026-03-26 22:47:53 |[34;20m INFO     [0m|[34;20m nipype.workflow  [0m|[34;20m [Node] Executing "_datasink0" <mriqc.interfaces.bids.IQMFileSink>[0m
2026-03-26 22:47:53 |[34;20m INFO     [0m|[34;20m nipype.workflow  [0m|[34;20m [Node] Finished "_datasink0", elapsed time 0.001858s.[0m
2026-03-26 22:47:53 |[34;20m INFO     [0m|[34;20m nipype.workflow  [0m|[34;20m [Node] Setting-up "_ds_timeseries0" in "/local/nvme/ds005699_004.783803/ds/tmp/mriqc_wf/funcMRIQC/ComputeIQMs/f780a98f628bcb9dab0291998ae1ae4fc6bfae16/ds_timeseries/mapflow/_ds_timeseries0".[0m
2026-03-26 22:47:53 |[34;20m INFO     [0m|[34;20m nipype.workflow  [0m|[34;20m [Node] Executing "_ds_timeseries0" <mriqc.interfaces.DerivativesDataSink>[0m
2026-03-26 22:47:53 |[34;20m INFO     [0m|[34;20m nipype.workflow  [0m|[34;20m [Node] Finished "_ds_timeseries0", elapsed time 0.004097s.[0m
2026-03-26 22:48:07 |[34;20m INFO     [0m|[34;20m nipype.workflow  [0m|[34;20m [Node] Finished "_BigPlot0", elapsed time 16.147038s.[0m
2026-03-26 22:48:09 |[34;20m INFO     [0m|[34;20m nipype.workflow  [0m|[34;20m [Node] Setting-up "_ds_report_carpet0" in "/local/nvme/ds005699_004.783803/ds/tmp/mriqc_wf/funcMRIQC/func_report_wf/f780a98f628bcb9dab0291998ae1ae4fc6bfae16/ds_report_carpet/mapflow/_ds_report_carpet0".[0m
2026-03-26 22:48:09 |[34;20m INFO     [0m|[34;20m nipype.workflow  [0m|[34;20m [Node] Executing "_ds_report_carpet0" <mriqc.interfaces.DerivativesDataSink>[0m
2026-03-26 22:48:09 |[34;20m INFO     [0m|[34;20m nipype.workflow  [0m|[34;20m [Node] Finished "_ds_report_carpet0", elapsed time 0.005097s.[0m
2026-03-26 22:48:11 |[34;20m INFO     [0m|[34;20m nipype.workflow  [0m|[34;20m Generating reports...[0m
2026-03-26 22:48:11 |[34;20m INFO     [0m|[34;20m nipype.workflow  [0m|[34;20m Report generation finished (1 reports).[0m
2026-03-26 22:48:11 |[33;20m IMPORTANT [0m|[33;20m mriqc            [0m|[33;20m Participant level finished successfully averaging 00h 08min 11s per subject.[0m
2026-03-26 22:48:11 |[34;20m INFO     [0m|[34;20m mriqc            [0m|[34;20m Generating BIDS derivatives metadata.[0m
----------------------------------------------------------------
  MRIQC completed (elapsed time 00h 08min 11s).
----------------------------------------------------------------

